[2026-05-11 17:23:11] local.ERROR: The /home/opi/Study/Semester-6/Software Engineering/SkillSwapp/bootstrap/cache directory must be present and writable. {"exception":"[object] (Exception(code: 0): The /home/opi/Study/Semester-6/Software Engineering/SkillSwapp/bootstrap/cache directory must be present and writable. at /home/opi/Study/Semester-6/Software Engineering/SkillSwapp/vendor/laravel/framework/src/Illuminate/Foundation/PackageManifest.php:179)
[stacktrace]
#0 /home/opi/Study/Semester-6/Software Engineering/SkillSwapp/vendor/laravel/framework/src/Illuminate/Foundation/PackageManifest.php(132): Illuminate\\Foundation\\PackageManifest->write()
#1 /home/opi/Study/Semester-6/Software Engineering/SkillSwapp/vendor/laravel/framework/src/Illuminate/Foundation/PackageManifest.php(108): Illuminate\\Foundation\\PackageManifest->build()
#2 /home/opi/Study/Semester-6/Software Engineering/SkillSwapp/vendor/laravel/framework/src/Illuminate/Foundation/PackageManifest.php(90): Illuminate\\Foundation\\PackageManifest->getManifest()
#3 /home/opi/Study/Semester-6/Software Engineering/SkillSwapp/vendor/laravel/framework/src/Illuminate/Foundation/PackageManifest.php(79): Illuminate\\Foundation\\PackageManifest->config()
#4 /home/opi/Study/Semester-6/Software Engineering/SkillSwapp/vendor/laravel/framework/src/Illuminate/Foundation/Bootstrap/RegisterFacades.php(26): Illuminate\\Foundation\\PackageManifest->aliases()
#5 /home/opi/Study/Semester-6/Software Engineering/SkillSwapp/vendor/laravel/framework/src/Illuminate/Foundation/Application.php(342): Illuminate\\Foundation\\Bootstrap\\RegisterFacades->bootstrap()
#6 /home/opi/Study/Semester-6/Software Engineering/SkillSwapp/vendor/laravel/framework/src/Illuminate/Foundation/Console/Kernel.php(494): Illuminate\\Foundation\\Application->bootstrapWith()
#7 /home/opi/Study/Semester-6/Software Engineering/SkillSwapp/vendor/laravel/framework/src/Illuminate/Foundation/Console/Kernel.php(196): Illuminate\\Foundation\\Console\\Kernel->bootstrap()
#8 Command line code(1): Illuminate\\Foundation\\Console\\Kernel->handle()
#9 {main}
"} 
[2026-05-11 17:23:22] local.ERROR: The /home/opi/Study/Semester-6/Software Engineering/SkillSwapp/bootstrap/cache directory must be present and writable. {"exception":"[object] (Exception(code: 0): The /home/opi/Study/Semester-6/Software Engineering/SkillSwapp/bootstrap/cache directory must be present and writable. at /home/opi/Study/Semester-6/Software Engineering/SkillSwapp/vendor/laravel/framework/src/Illuminate/Foundation/PackageManifest.php:179)
[stacktrace]
#0 /home/opi/Study/Semester-6/Software Engineering/SkillSwapp/vendor/laravel/framework/src/Illuminate/Foundation/PackageManifest.php(132): Illuminate\\Foundation\\PackageManifest->write()
#1 /home/opi/Study/Semester-6/Software Engineering/SkillSwapp/vendor/laravel/framework/src/Illuminate/Foundation/PackageManifest.php(108): Illuminate\\Foundation\\PackageManifest->build()
#2 /home/opi/Study/Semester-6/Software Engineering/SkillSwapp/vendor/laravel/framework/src/Illuminate/Foundation/PackageManifest.php(90): Illuminate\\Foundation\\PackageManifest->getManifest()
#3 /home/opi/Study/Semester-6/Software Engineering/SkillSwapp/vendor/laravel/framework/src/Illuminate/Foundation/PackageManifest.php(79): Illuminate\\Foundation\\PackageManifest->config()
#4 /home/opi/Study/Semester-6/Software Engineering/SkillSwapp/vendor/laravel/framework/src/Illuminate/Foundation/Bootstrap/RegisterFacades.php(26): Illuminate\\Foundation\\PackageManifest->aliases()
#5 /home/opi/Study/Semester-6/Software Engineering/SkillSwapp/vendor/laravel/framework/src/Illuminate/Foundation/Application.php(342): Illuminate\\Foundation\\Bootstrap\\RegisterFacades->bootstrap()
#6 /home/opi/Study/Semester-6/Software Engineering/SkillSwapp/vendor/laravel/framework/src/Illuminate/Foundation/Console/Kernel.php(494): Illuminate\\Foundation\\Application->bootstrapWith()
#7 /home/opi/Study/Semester-6/Software Engineering/SkillSwapp/vendor/laravel/framework/src/Illuminate/Foundation/Console/Kernel.php(196): Illuminate\\Foundation\\Console\\Kernel->bootstrap()
#8 /home/opi/Study/Semester-6/Software Engineering/SkillSwapp/artisan(12): Illuminate\\Foundation\\Console\\Kernel->handle()
#9 {main}
"} 
[2026-05-11 17:25:25] local.ERROR: copy(/home/opi/Study/Semester-6/Software Engineering/SkillSwapp/resources/views/app.blade.php): Failed to open stream: No such file or directory {"exception":"[object] (ErrorException(code: 0): copy(/home/opi/Study/Semester-6/Software Engineering/SkillSwapp/resources/views/app.blade.php): Failed to open stream: No such file or directory at /home/opi/Study/Semester-6/Software Engineering/SkillSwapp/vendor/laravel/breeze/src/Console/InstallsInertiaStacks.php:322)
[stacktrace]
#0 /home/opi/Study/Semester-6/Software Engineering/SkillSwapp/vendor/laravel/framework/src/Illuminate/Foundation/Bootstrap/HandleExceptions.php(258): Illuminate\\Foundation\\Bootstrap\\HandleExceptions->handleError()
#1 [internal function]: Illuminate\\Foundation\\Bootstrap\\HandleExceptions->Illuminate\\Foundation\\Bootstrap\\{closure}()
#2 /home/opi/Study/Semester-6/Software Engineering/SkillSwapp/vendor/laravel/breeze/src/Console/InstallsInertiaStacks.php(322): copy()
#3 /home/opi/Study/Semester-6/Software Engineering/SkillSwapp/vendor/laravel/breeze/src/Console/InstallCommand.php(58): Laravel\\Breeze\\Console\\InstallCommand->installInertiaReactStack()
#4 /home/opi/Study/Semester-6/Software Engineering/SkillSwapp/vendor/laravel/framework/src/Illuminate/Container/BoundMethod.php(36): Laravel\\Breeze\\Console\\InstallCommand->handle()
#5 /home/opi/Study/Semester-6/Software Engineering/SkillSwapp/vendor/laravel/framework/src/Illuminate/Container/Util.php(43): Illuminate\\Container\\BoundMethod::Illuminate\\Container\\{closure}()
#6 /home/opi/Study/Semester-6/Software Engineering/SkillSwapp/vendor/laravel/framework/src/Illuminate/Container/BoundMethod.php(96): Illuminate\\Container\\Util::unwrapIfClosure()
#7 /home/opi/Study/Semester-6/Software Engineering/SkillSwapp/vendor/laravel/framework/src/Illuminate/Container/BoundMethod.php(35): Illuminate\\Container\\BoundMethod::callBoundMethod()
#8 /home/opi/Study/Semester-6/Software Engineering/SkillSwapp/vendor/laravel/framework/src/Illuminate/Container/Container.php(799): Illuminate\\Container\\BoundMethod::call()
#9 /home/opi/Study/Semester-6/Software Engineering/SkillSwapp/vendor/laravel/framework/src/Illuminate/Console/Command.php(211): Illuminate\\Container\\Container->call()
#10 /home/opi/Study/Semester-6/Software Engineering/SkillSwapp/vendor/symfony/console/Command/Command.php(341): Illuminate\\Console\\Command->execute()
#11 /home/opi/Study/Semester-6/Software Engineering/SkillSwapp/vendor/laravel/framework/src/Illuminate/Console/Command.php(180): Symfony\\Component\\Console\\Command\\Command->run()
#12 /home/opi/Study/Semester-6/Software Engineering/SkillSwapp/vendor/symfony/console/Application.php(1117): Illuminate\\Console\\Command->run()
#13 /home/opi/Study/Semester-6/Software Engineering/SkillSwapp/vendor/symfony/console/Application.php(356): Symfony\\Component\\Console\\Application->doRunCommand()
#14 /home/opi/Study/Semester-6/Software Engineering/SkillSwapp/vendor/symfony/console/Application.php(195): Symfony\\Component\\Console\\Application->doRun()
#15 /home/opi/Study/Semester-6/Software Engineering/SkillSwapp/vendor/laravel/framework/src/Illuminate/Foundation/Console/Kernel.php(198): Symfony\\Component\\Console\\Application->run()
#16 /home/opi/Study/Semester-6/Software Engineering/SkillSwapp/artisan(12): Illuminate\\Foundation\\Console\\Kernel->handle()
#17 {main}
"} 
[2026-05-11 17:32:36] local.ERROR: Uncaught InvalidArgumentException: Please provide a valid cache path. in /home/opi/Study/Semester-6/Software Engineering/SkillSwapp/vendor/laravel/framework/src/Illuminate/View/Compilers/Compiler.php:75
Stack trace:
#0 /home/opi/Study/Semester-6/Software Engineering/SkillSwapp/vendor/laravel/framework/src/Illuminate/View/ViewServiceProvider.php(97): Illuminate\View\Compilers\Compiler->__construct()
#1 /home/opi/Study/Semester-6/Software Engineering/SkillSwapp/vendor/laravel/framework/src/Illuminate/Container/Container.php(1115): Illuminate\View\ViewServiceProvider->Illuminate\View\{closure}()
#2 /home/opi/Study/Semester-6/Software Engineering/SkillSwapp/vendor/laravel/framework/src/Illuminate/Container/Container.php(933): Illuminate\Container\Container->build()
#3 /home/opi/Study/Semester-6/Software Engineering/SkillSwapp/vendor/laravel/framework/src/Illuminate/Foundation/Application.php(1078): Illuminate\Container\Container->resolve()
#4 /home/opi/Study/Semester-6/Software Engineering/SkillSwapp/vendor/laravel/framework/src/Illuminate/Container/Container.php(864): Illuminate\Foundation\Application->resolve()
#5 /home/opi/Study/Semester-6/Software Engineering/SkillSwapp/vendor/laravel/framework/src/Illuminate/Foundation/Application.php(1058): Illuminate\Container\Container->make()
#6 /home/opi/Study/Semester-6/Software Engineering/SkillSwapp/vendor/laravel/framework/src/Illuminate/Foundation/helpers.php(138): Illuminate\Foundation\Application->make()
#7 Command line code(1): app()
#8 {main}
  thrown {"exception":"[object] (Symfony\\Component\\ErrorHandler\\Error\\FatalError(code: 0): Uncaught InvalidArgumentException: Please provide a valid cache path. in /home/opi/Study/Semester-6/Software Engineering/SkillSwapp/vendor/laravel/framework/src/Illuminate/View/Compilers/Compiler.php:75
Stack trace:
#0 /home/opi/Study/Semester-6/Software Engineering/SkillSwapp/vendor/laravel/framework/src/Illuminate/View/ViewServiceProvider.php(97): Illuminate\\View\\Compilers\\Compiler->__construct()
#1 /home/opi/Study/Semester-6/Software Engineering/SkillSwapp/vendor/laravel/framework/src/Illuminate/Container/Container.php(1115): Illuminate\\View\\ViewServiceProvider->Illuminate\\View\\{closure}()
#2 /home/opi/Study/Semester-6/Software Engineering/SkillSwapp/vendor/laravel/framework/src/Illuminate/Container/Container.php(933): Illuminate\\Container\\Container->build()
#3 /home/opi/Study/Semester-6/Software Engineering/SkillSwapp/vendor/laravel/framework/src/Illuminate/Foundation/Application.php(1078): Illuminate\\Container\\Container->resolve()
#4 /home/opi/Study/Semester-6/Software Engineering/SkillSwapp/vendor/laravel/framework/src/Illuminate/Container/Container.php(864): Illuminate\\Foundation\\Application->resolve()
#5 /home/opi/Study/Semester-6/Software Engineering/SkillSwapp/vendor/laravel/framework/src/Illuminate/Foundation/Application.php(1058): Illuminate\\Container\\Container->make()
#6 /home/opi/Study/Semester-6/Software Engineering/SkillSwapp/vendor/laravel/framework/src/Illuminate/Foundation/helpers.php(138): Illuminate\\Foundation\\Application->make()
#7 Command line code(1): app()
#8 {main}
  thrown at /home/opi/Study/Semester-6/Software Engineering/SkillSwapp/vendor/laravel/framework/src/Illuminate/View/Compilers/Compiler.php:75)
[stacktrace]
#0 {main}
"} 
[2026-05-11 17:42:36] local.ERROR: Uncaught InvalidArgumentException: Please provide a valid cache path. in /home/opi/Study/Semester-6/Software Engineering/SkillSwapp/vendor/laravel/framework/src/Illuminate/View/Compilers/Compiler.php:75
Stack trace:
#0 /home/opi/Study/Semester-6/Software Engineering/SkillSwapp/vendor/laravel/framework/src/Illuminate/View/ViewServiceProvider.php(97): Illuminate\View\Compilers\Compiler->__construct()
#1 /home/opi/Study/Semester-6/Software Engineering/SkillSwapp/vendor/laravel/framework/src/Illuminate/Container/Container.php(1115): Illuminate\View\ViewServiceProvider->Illuminate\View\{closure}()
#2 /home/opi/Study/Semester-6/Software Engineering/SkillSwapp/vendor/laravel/framework/src/Illuminate/Container/Container.php(933): Illuminate\Container\Container->build()
#3 /home/opi/Study/Semester-6/Software Engineering/SkillSwapp/vendor/laravel/framework/src/Illuminate/Foundation/Application.php(1078): Illuminate\Container\Container->resolve()
#4 /home/opi/Study/Semester-6/Software Engineering/SkillSwapp/vendor/laravel/framework/src/Illuminate/Container/Container.php(864): Illuminate\Foundation\Application->resolve()
#5 /home/opi/Study/Semester-6/Software Engineering/SkillSwapp/vendor/laravel/framework/src/Illuminate/Foundation/Application.php(1058): Illuminate\Container\Container->make()
#6 /home/opi/Study/Semester-6/Software Engineering/SkillSwapp/vendor/laravel/framework/src/Illuminate/Foundation/helpers.php(138): Illuminate\Foundation\Application->make()
#7 Command line code(1): app()
#8 {main}
  thrown {"exception":"[object] (Symfony\\Component\\ErrorHandler\\Error\\FatalError(code: 0): Uncaught InvalidArgumentException: Please provide a valid cache path. in /home/opi/Study/Semester-6/Software Engineering/SkillSwapp/vendor/laravel/framework/src/Illuminate/View/Compilers/Compiler.php:75
Stack trace:
#0 /home/opi/Study/Semester-6/Software Engineering/SkillSwapp/vendor/laravel/framework/src/Illuminate/View/ViewServiceProvider.php(97): Illuminate\\View\\Compilers\\Compiler->__construct()
#1 /home/opi/Study/Semester-6/Software Engineering/SkillSwapp/vendor/laravel/framework/src/Illuminate/Container/Container.php(1115): Illuminate\\View\\ViewServiceProvider->Illuminate\\View\\{closure}()
#2 /home/opi/Study/Semester-6/Software Engineering/SkillSwapp/vendor/laravel/framework/src/Illuminate/Container/Container.php(933): Illuminate\\Container\\Container->build()
#3 /home/opi/Study/Semester-6/Software Engineering/SkillSwapp/vendor/laravel/framework/src/Illuminate/Foundation/Application.php(1078): Illuminate\\Container\\Container->resolve()
#4 /home/opi/Study/Semester-6/Software Engineering/SkillSwapp/vendor/laravel/framework/src/Illuminate/Container/Container.php(864): Illuminate\\Foundation\\Application->resolve()
#5 /home/opi/Study/Semester-6/Software Engineering/SkillSwapp/vendor/laravel/framework/src/Illuminate/Foundation/Application.php(1058): Illuminate\\Container\\Container->make()
#6 /home/opi/Study/Semester-6/Software Engineering/SkillSwapp/vendor/laravel/framework/src/Illuminate/Foundation/helpers.php(138): Illuminate\\Foundation\\Application->make()
#7 Command line code(1): app()
#8 {main}
  thrown at /home/opi/Study/Semester-6/Software Engineering/SkillSwapp/vendor/laravel/framework/src/Illuminate/View/Compilers/Compiler.php:75)
[stacktrace]
#0 {main}
"} 
[2026-05-11 17:46:12] local.ERROR: No application encryption key has been specified. {"exception":"[object] (Illuminate\\Encryption\\MissingAppKeyException(code: 0): No application encryption key has been specified. at /home/opi/Study/Semester-6/Software Engineering/SkillSwapp/vendor/laravel/framework/src/Illuminate/Encryption/EncryptionServiceProvider.php:83)
[stacktrace]
#0 /home/opi/Study/Semester-6/Software Engineering/SkillSwapp/vendor/laravel/framework/src/Illuminate/Support/helpers.php(393): Illuminate\\Encryption\\EncryptionServiceProvider->Illuminate\\Encryption\\{closure}()
#1 /home/opi/Study/Semester-6/Software Engineering/SkillSwapp/vendor/laravel/framework/src/Illuminate/Encryption/EncryptionServiceProvider.php(81): tap()
#2 /home/opi/Study/Semester-6/Software Engineering/SkillSwapp/vendor/laravel/framework/src/Illuminate/Encryption/EncryptionServiceProvider.php(64): Illuminate\\Encryption\\EncryptionServiceProvider->key()
#3 /home/opi/Study/Semester-6/Software Engineering/SkillSwapp/vendor/laravel/framework/src/Illuminate/Encryption/EncryptionServiceProvider.php(32): Illuminate\\Encryption\\EncryptionServiceProvider->parseKey()
#4 /home/opi/Study/Semester-6/Software Engineering/SkillSwapp/vendor/laravel/framework/src/Illuminate/Container/Container.php(1115): Illuminate\\Encryption\\EncryptionServiceProvider->Illuminate\\Encryption\\{closure}()
#5 /home/opi/Study/Semester-6/Software Engineering/SkillSwapp/vendor/laravel/framework/src/Illuminate/Container/Container.php(933): Illuminate\\Container\\Container->build()
#6 /home/opi/Study/Semester-6/Software Engineering/SkillSwapp/vendor/laravel/framework/src/Illuminate/Foundation/Application.php(1078): Illuminate\\Container\\Container->resolve()
#7 /home/opi/Study/Semester-6/Software Engineering/SkillSwapp/vendor/laravel/framework/src/Illuminate/Container/Container.php(864): Illuminate\\Foundation\\Application->resolve()
#8 /home/opi/Study/Semester-6/Software Engineering/SkillSwapp/vendor/laravel/framework/src/Illuminate/Foundation/Application.php(1058): Illuminate\\Container\\Container->make()
#9 /home/opi/Study/Semester-6/Software Engineering/SkillSwapp/vendor/laravel/framework/src/Illuminate/Container/Container.php(1336): Illuminate\\Foundation\\Application->make()
#10 /home/opi/Study/Semester-6/Software Engineering/SkillSwapp/vendor/laravel/framework/src/Illuminate/Container/Container.php(1237): Illuminate\\Container\\Container->resolveClass()
#11 /home/opi/Study/Semester-6/Software Engineering/SkillSwapp/vendor/laravel/framework/src/Illuminate/Container/Container.php(1162): Illuminate\\Container\\Container->resolveDependencies()
#12 /home/opi/Study/Semester-6/Software Engineering/SkillSwapp/vendor/laravel/framework/src/Illuminate/Container/Container.php(933): Illuminate\\Container\\Container->build()
#13 /home/opi/Study/Semester-6/Software Engineering/SkillSwapp/vendor/laravel/framework/src/Illuminate/Foundation/Application.php(1078): Illuminate\\Container\\Container->resolve()
#14 /home/opi/Study/Semester-6/Software Engineering/SkillSwapp/vendor/laravel/framework/src/Illuminate/Container/Container.php(864): Illuminate\\Foundation\\Application->resolve()
#15 /home/opi/Study/Semester-6/Software Engineering/SkillSwapp/vendor/laravel/framework/src/Illuminate/Foundation/Application.php(1058): Illuminate\\Container\\Container->make()
#16 /home/opi/Study/Semester-6/Software Engineering/SkillSwapp/vendor/laravel/framework/src/Illuminate/Pipeline/Pipeline.php(208): Illuminate\\Foundation\\Application->make()
#17 /home/opi/Study/Semester-6/Software Engineering/SkillSwapp/vendor/laravel/framework/src/Illuminate/Pipeline/Pipeline.php(137): Illuminate\\Pipeline\\Pipeline->Illuminate\\Pipeline\\{closure}()
#18 /home/opi/Study/Semester-6/Software Engineering/SkillSwapp/vendor/laravel/framework/src/Illuminate/Routing/Router.php(821): Illuminate\\Pipeline\\Pipeline->then()
#19 /home/opi/Study/Semester-6/Software Engineering/SkillSwapp/vendor/laravel/framework/src/Illuminate/Routing/Router.php(800): Illuminate\\Routing\\Router->runRouteWithinStack()
#20 /home/opi/Study/Semester-6/Software Engineering/SkillSwapp/vendor/laravel/framework/src/Illuminate/Routing/Router.php(764): Illuminate\\Routing\\Router->runRoute()
#21 /home/opi/Study/Semester-6/Software Engineering/SkillSwapp/vendor/laravel/framework/src/Illuminate/Routing/Router.php(753): Illuminate\\Routing\\Router->dispatchToRoute()
#22 /home/opi/Study/Semester-6/Software Engineering/SkillSwapp/vendor/laravel/framework/src/Illuminate/Foundation/Http/Kernel.php(200): Illuminate\\Routing\\Router->dispatch()
#23 /home/opi/Study/Semester-6/Software Engineering/SkillSwapp/vendor/laravel/framework/src/Illuminate/Pipeline/Pipeline.php(180): Illuminate\\Foundation\\Http\\Kernel->Illuminate\\Foundation\\Http\\{closure}()
#24 /home/opi/Study/Semester-6/Software Engineering/SkillSwapp/vendor/laravel/framework/src/Illuminate/Foundation/Http/Middleware/TransformsRequest.php(21): Illuminate\\Pipeline\\Pipeline->Illuminate\\Pipeline\\{closure}()
#25 /home/opi/Study/Semester-6/Software Engineering/SkillSwapp/vendor/laravel/framework/src/Illuminate/Foundation/Http/Middleware/ConvertEmptyStringsToNull.php(31): Illuminate\\Foundation\\Http\\Middleware\\TransformsRequest->handle()
#26 /home/opi/Study/Semester-6/Software Engineering/SkillSwapp/vendor/laravel/framework/src/Illuminate/Pipeline/Pipeline.php(219): Illuminate\\Foundation\\Http\\Middleware\\ConvertEmptyStringsToNull->handle()
#27 /home/opi/Study/Semester-6/Software Engineering/SkillSwapp/vendor/laravel/framework/src/Illuminate/Foundation/Http/Middleware/TransformsRequest.php(21): Illuminate\\Pipeline\\Pipeline->Illuminate\\Pipeline\\{closure}()
#28 /home/opi/Study/Semester-6/Software Engineering/SkillSwapp/vendor/laravel/framework/src/Illuminate/Foundation/Http/Middleware/TrimStrings.php(51): Illuminate\\Foundation\\Http\\Middleware\\TransformsRequest->handle()
#29 /home/opi/Study/Semester-6/Software Engineering/SkillSwapp/vendor/laravel/framework/src/Illuminate/Pipeline/Pipeline.php(219): Illuminate\\Foundation\\Http\\Middleware\\TrimStrings->handle()
#30 /home/opi/Study/Semester-6/Software Engineering/SkillSwapp/vendor/laravel/framework/src/Illuminate/Http/Middleware/ValidatePostSize.php(27): Illuminate\\Pipeline\\Pipeline->Illuminate\\Pipeline\\{closure}()
#31 /home/opi/Study/Semester-6/Software Engineering/SkillSwapp/vendor/laravel/framework/src/Illuminate/Pipeline/Pipeline.php(219): Illuminate\\Http\\Middleware\\ValidatePostSize->handle()
#32 /home/opi/Study/Semester-6/Software Engineering/SkillSwapp/vendor/laravel/framework/src/Illuminate/Foundation/Http/Middleware/PreventRequestsDuringMaintenance.php(109): Illuminate\\Pipeline\\Pipeline->Illuminate\\Pipeline\\{closure}()
#33 /home/opi/Study/Semester-6/Software Engineering/SkillSwapp/vendor/laravel/framework/src/Illuminate/Pipeline/Pipeline.php(219): Illuminate\\Foundation\\Http\\Middleware\\PreventRequestsDuringMaintenance->handle()
#34 /home/opi/Study/Semester-6/Software Engineering/SkillSwapp/vendor/laravel/framework/src/Illuminate/Http/Middleware/HandleCors.php(61): Illuminate\\Pipeline\\Pipeline->Illuminate\\Pipeline\\{closure}()
#35 /home/opi/Study/Semester-6/Software Engineering/SkillSwapp/vendor/laravel/framework/src/Illuminate/Pipeline/Pipeline.php(219): Illuminate\\Http\\Middleware\\HandleCors->handle()
#36 /home/opi/Study/Semester-6/Software Engineering/SkillSwapp/vendor/laravel/framework/src/Illuminate/Http/Middleware/TrustProxies.php(58): Illuminate\\Pipeline\\Pipeline->Illuminate\\Pipeline\\{closure}()
#37 /home/opi/Study/Semester-6/Software Engineering/SkillSwapp/vendor/laravel/framework/src/Illuminate/Pipeline/Pipeline.php(219): Illuminate\\Http\\Middleware\\TrustProxies->handle()
#38 /home/opi/Study/Semester-6/Software Engineering/SkillSwapp/vendor/laravel/framework/src/Illuminate/Foundation/Http/Middleware/InvokeDeferredCallbacks.php(22): Illuminate\\Pipeline\\Pipeline->Illuminate\\Pipeline\\{closure}()
#39 /home/opi/Study/Semester-6/Software Engineering/SkillSwapp/vendor/laravel/framework/src/Illuminate/Pipeline/Pipeline.php(219): Illuminate\\Foundation\\Http\\Middleware\\InvokeDeferredCallbacks->handle()
#40 /home/opi/Study/Semester-6/Software Engineering/SkillSwapp/vendor/laravel/framework/src/Illuminate/Http/Middleware/ValidatePathEncoding.php(26): Illuminate\\Pipeline\\Pipeline->Illuminate\\Pipeline\\{closure}()
#41 /home/opi/Study/Semester-6/Software Engineering/SkillSwapp/vendor/laravel/framework/src/Illuminate/Pipeline/Pipeline.php(219): Illuminate\\Http\\Middleware\\ValidatePathEncoding->handle()
#42 /home/opi/Study/Semester-6/Software Engineering/SkillSwapp/vendor/laravel/framework/src/Illuminate/Pipeline/Pipeline.php(137): Illuminate\\Pipeline\\Pipeline->Illuminate\\Pipeline\\{closure}()
#43 /home/opi/Study/Semester-6/Software Engineering/SkillSwapp/vendor/laravel/framework/src/Illuminate/Foundation/Http/Kernel.php(175): Illuminate\\Pipeline\\Pipeline->then()
#44 /home/opi/Study/Semester-6/Software Engineering/SkillSwapp/vendor/laravel/framework/src/Illuminate/Foundation/Http/Kernel.php(144): Illuminate\\Foundation\\Http\\Kernel->sendRequestThroughRouter()
#45 /home/opi/Study/Semester-6/Software Engineering/SkillSwapp/public/index.php(11): Illuminate\\Foundation\\Http\\Kernel->handle()
#46 /home/opi/Study/Semester-6/Software Engineering/SkillSwapp/vendor/laravel/framework/src/Illuminate/Foundation/resources/server.php(23): require_once('...')
#47 {main}
"} 
[2026-05-11 17:46:12] local.ERROR: No application encryption key has been specified. {"exception":"[object] (Illuminate\\Encryption\\MissingAppKeyException(code: 0): No application encryption key has been specified. at /home/opi/Study/Semester-6/Software Engineering/SkillSwapp/vendor/laravel/framework/src/Illuminate/Encryption/EncryptionServiceProvider.php:83)
[stacktrace]
#0 /home/opi/Study/Semester-6/Software Engineering/SkillSwapp/vendor/laravel/framework/src/Illuminate/Support/helpers.php(393): Illuminate\\Encryption\\EncryptionServiceProvider->Illuminate\\Encryption\\{closure}()
#1 /home/opi/Study/Semester-6/Software Engineering/SkillSwapp/vendor/laravel/framework/src/Illuminate/Encryption/EncryptionServiceProvider.php(81): tap()
#2 /home/opi/Study/Semester-6/Software Engineering/SkillSwapp/vendor/laravel/framework/src/Illuminate/Encryption/EncryptionServiceProvider.php(64): Illuminate\\Encryption\\EncryptionServiceProvider->key()
#3 /home/opi/Study/Semester-6/Software Engineering/SkillSwapp/vendor/laravel/framework/src/Illuminate/Encryption/EncryptionServiceProvider.php(32): Illuminate\\Encryption\\EncryptionServiceProvider->parseKey()
#4 /home/opi/Study/Semester-6/Software Engineering/SkillSwapp/vendor/laravel/framework/src/Illuminate/Container/Container.php(1115): Illuminate\\Encryption\\EncryptionServiceProvider->Illuminate\\Encryption\\{closure}()
#5 /home/opi/Study/Semester-6/Software Engineering/SkillSwapp/vendor/laravel/framework/src/Illuminate/Container/Container.php(933): Illuminate\\Container\\Container->build()
#6 /home/opi/Study/Semester-6/Software Engineering/SkillSwapp/vendor/laravel/framework/src/Illuminate/Foundation/Application.php(1078): Illuminate\\Container\\Container->resolve()
#7 /home/opi/Study/Semester-6/Software Engineering/SkillSwapp/vendor/laravel/framework/src/Illuminate/Container/Container.php(864): Illuminate\\Foundation\\Application->resolve()
#8 /home/opi/Study/Semester-6/Software Engineering/SkillSwapp/vendor/laravel/framework/src/Illuminate/Foundation/Application.php(1058): Illuminate\\Container\\Container->make()
#9 /home/opi/Study/Semester-6/Software Engineering/SkillSwapp/vendor/laravel/framework/src/Illuminate/Container/Container.php(1336): Illuminate\\Foundation\\Application->make()
#10 /home/opi/Study/Semester-6/Software Engineering/SkillSwapp/vendor/laravel/framework/src/Illuminate/Container/Container.php(1237): Illuminate\\Container\\Container->resolveClass()
#11 /home/opi/Study/Semester-6/Software Engineering/SkillSwapp/vendor/laravel/framework/src/Illuminate/Container/Container.php(1162): Illuminate\\Container\\Container->resolveDependencies()
#12 /home/opi/Study/Semester-6/Software Engineering/SkillSwapp/vendor/laravel/framework/src/Illuminate/Container/Container.php(933): Illuminate\\Container\\Container->build()
#13 /home/opi/Study/Semester-6/Software Engineering/SkillSwapp/vendor/laravel/framework/src/Illuminate/Foundation/Application.php(1078): Illuminate\\Container\\Container->resolve()
#14 /home/opi/Study/Semester-6/Software Engineering/SkillSwapp/vendor/laravel/framework/src/Illuminate/Container/Container.php(864): Illuminate\\Foundation\\Application->resolve()
#15 /home/opi/Study/Semester-6/Software Engineering/SkillSwapp/vendor/laravel/framework/src/Illuminate/Foundation/Application.php(1058): Illuminate\\Container\\Container->make()
#16 /home/opi/Study/Semester-6/Software Engineering/SkillSwapp/vendor/laravel/framework/src/Illuminate/Foundation/Http/Kernel.php(257): Illuminate\\Foundation\\Application->make()
#17 /home/opi/Study/Semester-6/Software Engineering/SkillSwapp/vendor/laravel/framework/src/Illuminate/Foundation/Http/Kernel.php(215): Illuminate\\Foundation\\Http\\Kernel->terminateMiddleware()
#18 /home/opi/Study/Semester-6/Software Engineering/SkillSwapp/public/index.php(17): Illuminate\\Foundation\\Http\\Kernel->terminate()
#19 /home/opi/Study/Semester-6/Software Engineering/SkillSwapp/vendor/laravel/framework/src/Illuminate/Foundation/resources/server.php(23): require_once('...')
#20 {main}
"} 
[2026-05-11 17:48:49] local.ERROR: SQLSTATE[42S22]: Column not found: 1054 Unknown column 'payload' in 'field list' (Connection: mysql, Host: 127.0.0.1, Port: 3306, Database: skillswap, SQL: update `sessions` set `payload` = YTozOntzOjY6Il90b2tlbiI7czo0MDoiN0xRUzFtcVhLUXJZZ2NjVTNSY1pyZllGUTgyN2JrRllBNGkzbmJCYSI7czo5OiJfcHJldmlvdXMiO2E6Mjp7czozOiJ1cmwiO3M6MjE6Imh0dHA6Ly8xMjcuMC4wLjE6ODAwMCI7czo1OiJyb3V0ZSI7czo3OiJsYW5kaW5nIjt9czo2OiJfZmxhc2giO2E6Mjp7czozOiJvbGQiO2E6MDp7fXM6MzoibmV3IjthOjA6e319fQ==, `last_activity` = 1778521729, `user_id` = ?, `ip_address` = 127.0.0.1, `user_agent` = Mozilla/5.0 (X11; Linux x86_64) AppleWebKit/537.36 (KHTML, like Gecko) Chrome/147.0.0.0 Safari/537.36, `id` = KMNlBt57uIcWcSwPB0iq8jscg64mEOA6qGOudEhy where `id` = KMNlBt57uIcWcSwPB0iq8jscg64mEOA6qGOudEhy) {"exception":"[object] (Illuminate\\Database\\QueryException(code: 42S22): SQLSTATE[42S22]: Column not found: 1054 Unknown column 'payload' in 'field list' (Connection: mysql, Host: 127.0.0.1, Port: 3306, Database: skillswap, SQL: update `sessions` set `payload` = YTozOntzOjY6Il90b2tlbiI7czo0MDoiN0xRUzFtcVhLUXJZZ2NjVTNSY1pyZllGUTgyN2JrRllBNGkzbmJCYSI7czo5OiJfcHJldmlvdXMiO2E6Mjp7czozOiJ1cmwiO3M6MjE6Imh0dHA6Ly8xMjcuMC4wLjE6ODAwMCI7czo1OiJyb3V0ZSI7czo3OiJsYW5kaW5nIjt9czo2OiJfZmxhc2giO2E6Mjp7czozOiJvbGQiO2E6MDp7fXM6MzoibmV3IjthOjA6e319fQ==, `last_activity` = 1778521729, `user_id` = ?, `ip_address` = 127.0.0.1, `user_agent` = Mozilla/5.0 (X11; Linux x86_64) AppleWebKit/537.36 (KHTML, like Gecko) Chrome/147.0.0.0 Safari/537.36, `id` = KMNlBt57uIcWcSwPB0iq8jscg64mEOA6qGOudEhy where `id` = KMNlBt57uIcWcSwPB0iq8jscg64mEOA6qGOudEhy) at /home/opi/Study/Semester-6/Software Engineering/SkillSwapp/vendor/laravel/framework/src/Illuminate/Database/Connection.php:838)
[stacktrace]
#0 /home/opi/Study/Semester-6/Software Engineering/SkillSwapp/vendor/laravel/framework/src/Illuminate/Database/Connection.php(794): Illuminate\\Database\\Connection->runQueryCallback()
#1 /home/opi/Study/Semester-6/Software Engineering/SkillSwapp/vendor/laravel/framework/src/Illuminate/Database/Connection.php(597): Illuminate\\Database\\Connection->run()
#2 /home/opi/Study/Semester-6/Software Engineering/SkillSwapp/vendor/laravel/framework/src/Illuminate/Database/Connection.php(549): Illuminate\\Database\\Connection->affectingStatement()
#3 /home/opi/Study/Semester-6/Software Engineering/SkillSwapp/vendor/laravel/framework/src/Illuminate/Database/Query/Builder.php(4234): Illuminate\\Database\\Connection->update()
#4 /home/opi/Study/Semester-6/Software Engineering/SkillSwapp/vendor/laravel/framework/src/Illuminate/Session/DatabaseSessionHandler.php(172): Illuminate\\Database\\Query\\Builder->update()
#5 /home/opi/Study/Semester-6/Software Engineering/SkillSwapp/vendor/laravel/framework/src/Illuminate/Session/DatabaseSessionHandler.php(159): Illuminate\\Session\\DatabaseSessionHandler->performUpdate()
#6 /home/opi/Study/Semester-6/Software Engineering/SkillSwapp/vendor/laravel/framework/src/Illuminate/Session/DatabaseSessionHandler.php(141): Illuminate\\Session\\DatabaseSessionHandler->performInsert()
#7 /home/opi/Study/Semester-6/Software Engineering/SkillSwapp/vendor/laravel/framework/src/Illuminate/Session/Store.php(187): Illuminate\\Session\\DatabaseSessionHandler->write()
#8 /home/opi/Study/Semester-6/Software Engineering/SkillSwapp/vendor/laravel/framework/src/Illuminate/Session/Middleware/StartSession.php(248): Illuminate\\Session\\Store->save()
#9 /home/opi/Study/Semester-6/Software Engineering/SkillSwapp/vendor/laravel/framework/src/Illuminate/Session/Middleware/StartSession.php(129): Illuminate\\Session\\Middleware\\StartSession->saveSession()
#10 /home/opi/Study/Semester-6/Software Engineering/SkillSwapp/vendor/laravel/framework/src/Illuminate/Session/Middleware/StartSession.php(63): Illuminate\\Session\\Middleware\\StartSession->handleStatefulRequest()
#11 /home/opi/Study/Semester-6/Software Engineering/SkillSwapp/vendor/laravel/framework/src/Illuminate/Pipeline/Pipeline.php(219): Illuminate\\Session\\Middleware\\StartSession->handle()
#12 /home/opi/Study/Semester-6/Software Engineering/SkillSwapp/vendor/laravel/framework/src/Illuminate/Cookie/Middleware/AddQueuedCookiesToResponse.php(36): Illuminate\\Pipeline\\Pipeline->Illuminate\\Pipeline\\{closure}()
#13 /home/opi/Study/Semester-6/Software Engineering/SkillSwapp/vendor/laravel/framework/src/Illuminate/Pipeline/Pipeline.php(219): Illuminate\\Cookie\\Middleware\\AddQueuedCookiesToResponse->handle()
#14 /home/opi/Study/Semester-6/Software Engineering/SkillSwapp/vendor/laravel/framework/src/Illuminate/Cookie/Middleware/EncryptCookies.php(74): Illuminate\\Pipeline\\Pipeline->Illuminate\\Pipeline\\{closure}()
#15 /home/opi/Study/Semester-6/Software Engineering/SkillSwapp/vendor/laravel/framework/src/Illuminate/Pipeline/Pipeline.php(219): Illuminate\\Cookie\\Middleware\\EncryptCookies->handle()
#16 /home/opi/Study/Semester-6/Software Engineering/SkillSwapp/vendor/laravel/framework/src/Illuminate/Pipeline/Pipeline.php(137): Illuminate\\Pipeline\\Pipeline->Illuminate\\Pipeline\\{closure}()
#17 /home/opi/Study/Semester-6/Software Engineering/SkillSwapp/vendor/laravel/framework/src/Illuminate/Routing/Router.php(821): Illuminate\\Pipeline\\Pipeline->then()
#18 /home/opi/Study/Semester-6/Software Engineering/SkillSwapp/vendor/laravel/framework/src/Illuminate/Routing/Router.php(800): Illuminate\\Routing\\Router->runRouteWithinStack()
#19 /home/opi/Study/Semester-6/Software Engineering/SkillSwapp/vendor/laravel/framework/src/Illuminate/Routing/Router.php(764): Illuminate\\Routing\\Router->runRoute()
#20 /home/opi/Study/Semester-6/Software Engineering/SkillSwapp/vendor/laravel/framework/src/Illuminate/Routing/Router.php(753): Illuminate\\Routing\\Router->dispatchToRoute()
#21 /home/opi/Study/Semester-6/Software Engineering/SkillSwapp/vendor/laravel/framework/src/Illuminate/Foundation/Http/Kernel.php(200): Illuminate\\Routing\\Router->dispatch()
#22 /home/opi/Study/Semester-6/Software Engineering/SkillSwapp/vendor/laravel/framework/src/Illuminate/Pipeline/Pipeline.php(180): Illuminate\\Foundation\\Http\\Kernel->Illuminate\\Foundation\\Http\\{closure}()
#23 /home/opi/Study/Semester-6/Software Engineering/SkillSwapp/vendor/laravel/framework/src/Illuminate/Foundation/Http/Middleware/TransformsRequest.php(21): Illuminate\\Pipeline\\Pipeline->Illuminate\\Pipeline\\{closure}()
#24 /home/opi/Study/Semester-6/Software Engineering/SkillSwapp/vendor/laravel/framework/src/Illuminate/Foundation/Http/Middleware/ConvertEmptyStringsToNull.php(31): Illuminate\\Foundation\\Http\\Middleware\\TransformsRequest->handle()
#25 /home/opi/Study/Semester-6/Software Engineering/SkillSwapp/vendor/laravel/framework/src/Illuminate/Pipeline/Pipeline.php(219): Illuminate\\Foundation\\Http\\Middleware\\ConvertEmptyStringsToNull->handle()
#26 /home/opi/Study/Semester-6/Software Engineering/SkillSwapp/vendor/laravel/framework/src/Illuminate/Foundation/Http/Middleware/TransformsRequest.php(21): Illuminate\\Pipeline\\Pipeline->Illuminate\\Pipeline\\{closure}()
#27 /home/opi/Study/Semester-6/Software Engineering/SkillSwapp/vendor/laravel/framework/src/Illuminate/Foundation/Http/Middleware/TrimStrings.php(51): Illuminate\\Foundation\\Http\\Middleware\\TransformsRequest->handle()
#28 /home/opi/Study/Semester-6/Software Engineering/SkillSwapp/vendor/laravel/framework/src/Illuminate/Pipeline/Pipeline.php(219): Illuminate\\Foundation\\Http\\Middleware\\TrimStrings->handle()
#29 /home/opi/Study/Semester-6/Software Engineering/SkillSwapp/vendor/laravel/framework/src/Illuminate/Http/Middleware/ValidatePostSize.php(27): Illuminate\\Pipeline\\Pipeline->Illuminate\\Pipeline\\{closure}()
#30 /home/opi/Study/Semester-6/Software Engineering/SkillSwapp/vendor/laravel/framework/src/Illuminate/Pipeline/Pipeline.php(219): Illuminate\\Http\\Middleware\\ValidatePostSize->handle()
#31 /home/opi/Study/Semester-6/Software Engineering/SkillSwapp/vendor/laravel/framework/src/Illuminate/Foundation/Http/Middleware/PreventRequestsDuringMaintenance.php(109): Illuminate\\Pipeline\\Pipeline->Illuminate\\Pipeline\\{closure}()
#32 /home/opi/Study/Semester-6/Software Engineering/SkillSwapp/vendor/laravel/framework/src/Illuminate/Pipeline/Pipeline.php(219): Illuminate\\Foundation\\Http\\Middleware\\PreventRequestsDuringMaintenance->handle()
#33 /home/opi/Study/Semester-6/Software Engineering/SkillSwapp/vendor/laravel/framework/src/Illuminate/Http/Middleware/HandleCors.php(61): Illuminate\\Pipeline\\Pipeline->Illuminate\\Pipeline\\{closure}()
#34 /home/opi/Study/Semester-6/Software Engineering/SkillSwapp/vendor/laravel/framework/src/Illuminate/Pipeline/Pipeline.php(219): Illuminate\\Http\\Middleware\\HandleCors->handle()
#35 /home/opi/Study/Semester-6/Software Engineering/SkillSwapp/vendor/laravel/framework/src/Illuminate/Http/Middleware/TrustProxies.php(58): Illuminate\\Pipeline\\Pipeline->Illuminate\\Pipeline\\{closure}()
#36 /home/opi/Study/Semester-6/Software Engineering/SkillSwapp/vendor/laravel/framework/src/Illuminate/Pipeline/Pipeline.php(219): Illuminate\\Http\\Middleware\\TrustProxies->handle()
#37 /home/opi/Study/Semester-6/Software Engineering/SkillSwapp/vendor/laravel/framework/src/Illuminate/Foundation/Http/Middleware/InvokeDeferredCallbacks.php(22): Illuminate\\Pipeline\\Pipeline->Illuminate\\Pipeline\\{closure}()
#38 /home/opi/Study/Semester-6/Software Engineering/SkillSwapp/vendor/laravel/framework/src/Illuminate/Pipeline/Pipeline.php(219): Illuminate\\Foundation\\Http\\Middleware\\InvokeDeferredCallbacks->handle()
#39 /home/opi/Study/Semester-6/Software Engineering/SkillSwapp/vendor/laravel/framework/src/Illuminate/Http/Middleware/ValidatePathEncoding.php(26): Illuminate\\Pipeline\\Pipeline->Illuminate\\Pipeline\\{closure}()
#40 /home/opi/Study/Semester-6/Software Engineering/SkillSwapp/vendor/laravel/framework/src/Illuminate/Pipeline/Pipeline.php(219): Illuminate\\Http\\Middleware\\ValidatePathEncoding->handle()
#41 /home/opi/Study/Semester-6/Software Engineering/SkillSwapp/vendor/laravel/framework/src/Illuminate/Pipeline/Pipeline.php(137): Illuminate\\Pipeline\\Pipeline->Illuminate\\Pipeline\\{closure}()
#42 /home/opi/Study/Semester-6/Software Engineering/SkillSwapp/vendor/laravel/framework/src/Illuminate/Foundation/Http/Kernel.php(175): Illuminate\\Pipeline\\Pipeline->then()
#43 /home/opi/Study/Semester-6/Software Engineering/SkillSwapp/vendor/laravel/framework/src/Illuminate/Foundation/Http/Kernel.php(144): Illuminate\\Foundation\\Http\\Kernel->sendRequestThroughRouter()
#44 /home/opi/Study/Semester-6/Software Engineering/SkillSwapp/public/index.php(11): Illuminate\\Foundation\\Http\\Kernel->handle()
#45 /home/opi/Study/Semester-6/Software Engineering/SkillSwapp/vendor/laravel/framework/src/Illuminate/Foundation/resources/server.php(23): require_once('...')
#46 {main}

[previous exception] [object] (PDOException(code: 42S22): SQLSTATE[42S22]: Column not found: 1054 Unknown column 'payload' in 'field list' at /home/opi/Study/Semester-6/Software Engineering/SkillSwapp/vendor/laravel/framework/src/Illuminate/Database/Connection.php:605)
[stacktrace]
#0 /home/opi/Study/Semester-6/Software Engineering/SkillSwapp/vendor/laravel/framework/src/Illuminate/Database/Connection.php(605): PDO->prepare()
#1 /home/opi/Study/Semester-6/Software Engineering/SkillSwapp/vendor/laravel/framework/src/Illuminate/Database/Connection.php(827): Illuminate\\Database\\Connection->Illuminate\\Database\\{closure}()
#2 /home/opi/Study/Semester-6/Software Engineering/SkillSwapp/vendor/laravel/framework/src/Illuminate/Database/Connection.php(794): Illuminate\\Database\\Connection->runQueryCallback()
#3 /home/opi/Study/Semester-6/Software Engineering/SkillSwapp/vendor/laravel/framework/src/Illuminate/Database/Connection.php(597): Illuminate\\Database\\Connection->run()
#4 /home/opi/Study/Semester-6/Software Engineering/SkillSwapp/vendor/laravel/framework/src/Illuminate/Database/Connection.php(549): Illuminate\\Database\\Connection->affectingStatement()
#5 /home/opi/Study/Semester-6/Software Engineering/SkillSwapp/vendor/laravel/framework/src/Illuminate/Database/Query/Builder.php(4234): Illuminate\\Database\\Connection->update()
#6 /home/opi/Study/Semester-6/Software Engineering/SkillSwapp/vendor/laravel/framework/src/Illuminate/Session/DatabaseSessionHandler.php(172): Illuminate\\Database\\Query\\Builder->update()
#7 /home/opi/Study/Semester-6/Software Engineering/SkillSwapp/vendor/laravel/framework/src/Illuminate/Session/DatabaseSessionHandler.php(159): Illuminate\\Session\\DatabaseSessionHandler->performUpdate()
#8 /home/opi/Study/Semester-6/Software Engineering/SkillSwapp/vendor/laravel/framework/src/Illuminate/Session/DatabaseSessionHandler.php(141): Illuminate\\Session\\DatabaseSessionHandler->performInsert()
#9 /home/opi/Study/Semester-6/Software Engineering/SkillSwapp/vendor/laravel/framework/src/Illuminate/Session/Store.php(187): Illuminate\\Session\\DatabaseSessionHandler->write()
#10 /home/opi/Study/Semester-6/Software Engineering/SkillSwapp/vendor/laravel/framework/src/Illuminate/Session/Middleware/StartSession.php(248): Illuminate\\Session\\Store->save()
#11 /home/opi/Study/Semester-6/Software Engineering/SkillSwapp/vendor/laravel/framework/src/Illuminate/Session/Middleware/StartSession.php(129): Illuminate\\Session\\Middleware\\StartSession->saveSession()
#12 /home/opi/Study/Semester-6/Software Engineering/SkillSwapp/vendor/laravel/framework/src/Illuminate/Session/Middleware/StartSession.php(63): Illuminate\\Session\\Middleware\\StartSession->handleStatefulRequest()
#13 /home/opi/Study/Semester-6/Software Engineering/SkillSwapp/vendor/laravel/framework/src/Illuminate/Pipeline/Pipeline.php(219): Illuminate\\Session\\Middleware\\StartSession->handle()
#14 /home/opi/Study/Semester-6/Software Engineering/SkillSwapp/vendor/laravel/framework/src/Illuminate/Cookie/Middleware/AddQueuedCookiesToResponse.php(36): Illuminate\\Pipeline\\Pipeline->Illuminate\\Pipeline\\{closure}()
#15 /home/opi/Study/Semester-6/Software Engineering/SkillSwapp/vendor/laravel/framework/src/Illuminate/Pipeline/Pipeline.php(219): Illuminate\\Cookie\\Middleware\\AddQueuedCookiesToResponse->handle()
#16 /home/opi/Study/Semester-6/Software Engineering/SkillSwapp/vendor/laravel/framework/src/Illuminate/Cookie/Middleware/EncryptCookies.php(74): Illuminate\\Pipeline\\Pipeline->Illuminate\\Pipeline\\{closure}()
#17 /home/opi/Study/Semester-6/Software Engineering/SkillSwapp/vendor/laravel/framework/src/Illuminate/Pipeline/Pipeline.php(219): Illuminate\\Cookie\\Middleware\\EncryptCookies->handle()
#18 /home/opi/Study/Semester-6/Software Engineering/SkillSwapp/vendor/laravel/framework/src/Illuminate/Pipeline/Pipeline.php(137): Illuminate\\Pipeline\\Pipeline->Illuminate\\Pipeline\\{closure}()
#19 /home/opi/Study/Semester-6/Software Engineering/SkillSwapp/vendor/laravel/framework/src/Illuminate/Routing/Router.php(821): Illuminate\\Pipeline\\Pipeline->then()
#20 /home/opi/Study/Semester-6/Software Engineering/SkillSwapp/vendor/laravel/framework/src/Illuminate/Routing/Router.php(800): Illuminate\\Routing\\Router->runRouteWithinStack()
#21 /home/opi/Study/Semester-6/Software Engineering/SkillSwapp/vendor/laravel/framework/src/Illuminate/Routing/Router.php(764): Illuminate\\Routing\\Router->runRoute()
#22 /home/opi/Study/Semester-6/Software Engineering/SkillSwapp/vendor/laravel/framework/src/Illuminate/Routing/Router.php(753): Illuminate\\Routing\\Router->dispatchToRoute()
#23 /home/opi/Study/Semester-6/Software Engineering/SkillSwapp/vendor/laravel/framework/src/Illuminate/Foundation/Http/Kernel.php(200): Illuminate\\Routing\\Router->dispatch()
#24 /home/opi/Study/Semester-6/Software Engineering/SkillSwapp/vendor/laravel/framework/src/Illuminate/Pipeline/Pipeline.php(180): Illuminate\\Foundation\\Http\\Kernel->Illuminate\\Foundation\\Http\\{closure}()
#25 /home/opi/Study/Semester-6/Software Engineering/SkillSwapp/vendor/laravel/framework/src/Illuminate/Foundation/Http/Middleware/TransformsRequest.php(21): Illuminate\\Pipeline\\Pipeline->Illuminate\\Pipeline\\{closure}()
#26 /home/opi/Study/Semester-6/Software Engineering/SkillSwapp/vendor/laravel/framework/src/Illuminate/Foundation/Http/Middleware/ConvertEmptyStringsToNull.php(31): Illuminate\\Foundation\\Http\\Middleware\\TransformsRequest->handle()
#27 /home/opi/Study/Semester-6/Software Engineering/SkillSwapp/vendor/laravel/framework/src/Illuminate/Pipeline/Pipeline.php(219): Illuminate\\Foundation\\Http\\Middleware\\ConvertEmptyStringsToNull->handle()
#28 /home/opi/Study/Semester-6/Software Engineering/SkillSwapp/vendor/laravel/framework/src/Illuminate/Foundation/Http/Middleware/TransformsRequest.php(21): Illuminate\\Pipeline\\Pipeline->Illuminate\\Pipeline\\{closure}()
#29 /home/opi/Study/Semester-6/Software Engineering/SkillSwapp/vendor/laravel/framework/src/Illuminate/Foundation/Http/Middleware/TrimStrings.php(51): Illuminate\\Foundation\\Http\\Middleware\\TransformsRequest->handle()
#30 /home/opi/Study/Semester-6/Software Engineering/SkillSwapp/vendor/laravel/framework/src/Illuminate/Pipeline/Pipeline.php(219): Illuminate\\Foundation\\Http\\Middleware\\TrimStrings->handle()
#31 /home/opi/Study/Semester-6/Software Engineering/SkillSwapp/vendor/laravel/framework/src/Illuminate/Http/Middleware/ValidatePostSize.php(27): Illuminate\\Pipeline\\Pipeline->Illuminate\\Pipeline\\{closure}()
#32 /home/opi/Study/Semester-6/Software Engineering/SkillSwapp/vendor/laravel/framework/src/Illuminate/Pipeline/Pipeline.php(219): Illuminate\\Http\\Middleware\\ValidatePostSize->handle()
#33 /home/opi/Study/Semester-6/Software Engineering/SkillSwapp/vendor/laravel/framework/src/Illuminate/Foundation/Http/Middleware/PreventRequestsDuringMaintenance.php(109): Illuminate\\Pipeline\\Pipeline->Illuminate\\Pipeline\\{closure}()
#34 /home/opi/Study/Semester-6/Software Engineering/SkillSwapp/vendor/laravel/framework/src/Illuminate/Pipeline/Pipeline.php(219): Illuminate\\Foundation\\Http\\Middleware\\PreventRequestsDuringMaintenance->handle()
#35 /home/opi/Study/Semester-6/Software Engineering/SkillSwapp/vendor/laravel/framework/src/Illuminate/Http/Middleware/HandleCors.php(61): Illuminate\\Pipeline\\Pipeline->Illuminate\\Pipeline\\{closure}()
#36 /home/opi/Study/Semester-6/Software Engineering/SkillSwapp/vendor/laravel/framework/src/Illuminate/Pipeline/Pipeline.php(219): Illuminate\\Http\\Middleware\\HandleCors->handle()
#37 /home/opi/Study/Semester-6/Software Engineering/SkillSwapp/vendor/laravel/framework/src/Illuminate/Http/Middleware/TrustProxies.php(58): Illuminate\\Pipeline\\Pipeline->Illuminate\\Pipeline\\{closure}()
#38 /home/opi/Study/Semester-6/Software Engineering/SkillSwapp/vendor/laravel/framework/src/Illuminate/Pipeline/Pipeline.php(219): Illuminate\\Http\\Middleware\\TrustProxies->handle()
#39 /home/opi/Study/Semester-6/Software Engineering/SkillSwapp/vendor/laravel/framework/src/Illuminate/Foundation/Http/Middleware/InvokeDeferredCallbacks.php(22): Illuminate\\Pipeline\\Pipeline->Illuminate\\Pipeline\\{closure}()
#40 /home/opi/Study/Semester-6/Software Engineering/SkillSwapp/vendor/laravel/framework/src/Illuminate/Pipeline/Pipeline.php(219): Illuminate\\Foundation\\Http\\Middleware\\InvokeDeferredCallbacks->handle()
#41 /home/opi/Study/Semester-6/Software Engineering/SkillSwapp/vendor/laravel/framework/src/Illuminate/Http/Middleware/ValidatePathEncoding.php(26): Illuminate\\Pipeline\\Pipeline->Illuminate\\Pipeline\\{closure}()
#42 /home/opi/Study/Semester-6/Software Engineering/SkillSwapp/vendor/laravel/framework/src/Illuminate/Pipeline/Pipeline.php(219): Illuminate\\Http\\Middleware\\ValidatePathEncoding->handle()
#43 /home/opi/Study/Semester-6/Software Engineering/SkillSwapp/vendor/laravel/framework/src/Illuminate/Pipeline/Pipeline.php(137): Illuminate\\Pipeline\\Pipeline->Illuminate\\Pipeline\\{closure}()
#44 /home/opi/Study/Semester-6/Software Engineering/SkillSwapp/vendor/laravel/framework/src/Illuminate/Foundation/Http/Kernel.php(175): Illuminate\\Pipeline\\Pipeline->then()
#45 /home/opi/Study/Semester-6/Software Engineering/SkillSwapp/vendor/laravel/framework/src/Illuminate/Foundation/Http/Kernel.php(144): Illuminate\\Foundation\\Http\\Kernel->sendRequestThroughRouter()
#46 /home/opi/Study/Semester-6/Software Engineering/SkillSwapp/public/index.php(11): Illuminate\\Foundation\\Http\\Kernel->handle()
#47 /home/opi/Study/Semester-6/Software Engineering/SkillSwapp/vendor/laravel/framework/src/Illuminate/Foundation/resources/server.php(23): require_once('...')
#48 {main}
"} 
[2026-05-11 17:53:10] local.ERROR: SQLSTATE[42S01]: Base table or view already exists: 1050 Table 'sessions' already exists (Connection: mysql, Host: 127.0.0.1, Port: 3306, Database: skillswap, SQL: create table `sessions` (`id` varchar(255) not null, `user_id` bigint unsigned null, `ip_address` varchar(45) null, `user_agent` text null, `payload` text not null, `last_activity` int not null, primary key (`id`)) default character set utf8mb4 collate 'utf8mb4_unicode_ci') {"exception":"[object] (Illuminate\\Database\\QueryException(code: 42S01): SQLSTATE[42S01]: Base table or view already exists: 1050 Table 'sessions' already exists (Connection: mysql, Host: 127.0.0.1, Port: 3306, Database: skillswap, SQL: create table `sessions` (`id` varchar(255) not null, `user_id` bigint unsigned null, `ip_address` varchar(45) null, `user_agent` text null, `payload` text not null, `last_activity` int not null, primary key (`id`)) default character set utf8mb4 collate 'utf8mb4_unicode_ci') at /home/opi/Study/Semester-6/Software Engineering/SkillSwapp/vendor/laravel/framework/src/Illuminate/Database/Connection.php:838)
[stacktrace]
#0 /home/opi/Study/Semester-6/Software Engineering/SkillSwapp/vendor/laravel/framework/src/Illuminate/Database/Connection.php(794): Illuminate\\Database\\Connection->runQueryCallback()
#1 /home/opi/Study/Semester-6/Software Engineering/SkillSwapp/vendor/laravel/framework/src/Illuminate/Database/Connection.php(573): Illuminate\\Database\\Connection->run()
#2 /home/opi/Study/Semester-6/Software Engineering/SkillSwapp/vendor/laravel/framework/src/Illuminate/Database/Schema/Blueprint.php(121): Illuminate\\Database\\Connection->statement()
#3 /home/opi/Study/Semester-6/Software Engineering/SkillSwapp/vendor/laravel/framework/src/Illuminate/Database/Schema/Builder.php(686): Illuminate\\Database\\Schema\\Blueprint->build()
#4 /home/opi/Study/Semester-6/Software Engineering/SkillSwapp/vendor/laravel/framework/src/Illuminate/Database/Schema/Builder.php(506): Illuminate\\Database\\Schema\\Builder->build()
#5 /home/opi/Study/Semester-6/Software Engineering/SkillSwapp/vendor/laravel/framework/src/Illuminate/Support/Facades/Facade.php(363): Illuminate\\Database\\Schema\\Builder->create()
#6 /home/opi/Study/Semester-6/Software Engineering/SkillSwapp/database/migrations/2026_05_11_000009_create_framework_sessions_table.php(10): Illuminate\\Support\\Facades\\Facade::__callStatic()
#7 /home/opi/Study/Semester-6/Software Engineering/SkillSwapp/vendor/laravel/framework/src/Illuminate/Database/Migrations/Migrator.php(517): Illuminate\\Database\\Migrations\\Migration@anonymous->up()
#8 /home/opi/Study/Semester-6/Software Engineering/SkillSwapp/vendor/laravel/framework/src/Illuminate/Database/Migrations/Migrator.php(442): Illuminate\\Database\\Migrations\\Migrator->runMethod()
#9 /home/opi/Study/Semester-6/Software Engineering/SkillSwapp/vendor/laravel/framework/src/Illuminate/Database/Migrations/Migrator.php(451): Illuminate\\Database\\Migrations\\Migrator->Illuminate\\Database\\Migrations\\{closure}()
#10 /home/opi/Study/Semester-6/Software Engineering/SkillSwapp/vendor/laravel/framework/src/Illuminate/Database/Migrations/Migrator.php(253): Illuminate\\Database\\Migrations\\Migrator->runMigration()
#11 /home/opi/Study/Semester-6/Software Engineering/SkillSwapp/vendor/laravel/framework/src/Illuminate/Console/View/Components/Task.php(41): Illuminate\\Database\\Migrations\\Migrator->Illuminate\\Database\\Migrations\\{closure}()
#12 /home/opi/Study/Semester-6/Software Engineering/SkillSwapp/vendor/laravel/framework/src/Illuminate/Database/Migrations/Migrator.php(814): Illuminate\\Console\\View\\Components\\Task->render()
#13 /home/opi/Study/Semester-6/Software Engineering/SkillSwapp/vendor/laravel/framework/src/Illuminate/Database/Migrations/Migrator.php(253): Illuminate\\Database\\Migrations\\Migrator->write()
#14 /home/opi/Study/Semester-6/Software Engineering/SkillSwapp/vendor/laravel/framework/src/Illuminate/Database/Migrations/Migrator.php(211): Illuminate\\Database\\Migrations\\Migrator->runUp()
#15 /home/opi/Study/Semester-6/Software Engineering/SkillSwapp/vendor/laravel/framework/src/Illuminate/Database/Migrations/Migrator.php(138): Illuminate\\Database\\Migrations\\Migrator->runPending()
#16 /home/opi/Study/Semester-6/Software Engineering/SkillSwapp/vendor/laravel/framework/src/Illuminate/Database/Console/Migrations/MigrateCommand.php(116): Illuminate\\Database\\Migrations\\Migrator->run()
#17 /home/opi/Study/Semester-6/Software Engineering/SkillSwapp/vendor/laravel/framework/src/Illuminate/Database/Migrations/Migrator.php(671): Illuminate\\Database\\Console\\Migrations\\MigrateCommand->Illuminate\\Database\\Console\\Migrations\\{closure}()
#18 /home/opi/Study/Semester-6/Software Engineering/SkillSwapp/vendor/laravel/framework/src/Illuminate/Database/Console/Migrations/MigrateCommand.php(109): Illuminate\\Database\\Migrations\\Migrator->usingConnection()
#19 /home/opi/Study/Semester-6/Software Engineering/SkillSwapp/vendor/laravel/framework/src/Illuminate/Database/Console/Migrations/MigrateCommand.php(88): Illuminate\\Database\\Console\\Migrations\\MigrateCommand->runMigrations()
#20 /home/opi/Study/Semester-6/Software Engineering/SkillSwapp/vendor/laravel/framework/src/Illuminate/Container/BoundMethod.php(36): Illuminate\\Database\\Console\\Migrations\\MigrateCommand->handle()
#21 /home/opi/Study/Semester-6/Software Engineering/SkillSwapp/vendor/laravel/framework/src/Illuminate/Container/Util.php(43): Illuminate\\Container\\BoundMethod::Illuminate\\Container\\{closure}()
#22 /home/opi/Study/Semester-6/Software Engineering/SkillSwapp/vendor/laravel/framework/src/Illuminate/Container/BoundMethod.php(96): Illuminate\\Container\\Util::unwrapIfClosure()
#23 /home/opi/Study/Semester-6/Software Engineering/SkillSwapp/vendor/laravel/framework/src/Illuminate/Container/BoundMethod.php(35): Illuminate\\Container\\BoundMethod::callBoundMethod()
#24 /home/opi/Study/Semester-6/Software Engineering/SkillSwapp/vendor/laravel/framework/src/Illuminate/Container/Container.php(799): Illuminate\\Container\\BoundMethod::call()
#25 /home/opi/Study/Semester-6/Software Engineering/SkillSwapp/vendor/laravel/framework/src/Illuminate/Console/Command.php(211): Illuminate\\Container\\Container->call()
#26 /home/opi/Study/Semester-6/Software Engineering/SkillSwapp/vendor/symfony/console/Command/Command.php(341): Illuminate\\Console\\Command->execute()
#27 /home/opi/Study/Semester-6/Software Engineering/SkillSwapp/vendor/laravel/framework/src/Illuminate/Console/Command.php(180): Symfony\\Component\\Console\\Command\\Command->run()
#28 /home/opi/Study/Semester-6/Software Engineering/SkillSwapp/vendor/symfony/console/Application.php(1117): Illuminate\\Console\\Command->run()
#29 /home/opi/Study/Semester-6/Software Engineering/SkillSwapp/vendor/symfony/console/Application.php(356): Symfony\\Component\\Console\\Application->doRunCommand()
#30 /home/opi/Study/Semester-6/Software Engineering/SkillSwapp/vendor/symfony/console/Application.php(195): Symfony\\Component\\Console\\Application->doRun()
#31 /home/opi/Study/Semester-6/Software Engineering/SkillSwapp/vendor/laravel/framework/src/Illuminate/Foundation/Console/Kernel.php(198): Symfony\\Component\\Console\\Application->run()
#32 /home/opi/Study/Semester-6/Software Engineering/SkillSwapp/artisan(12): Illuminate\\Foundation\\Console\\Kernel->handle()
#33 {main}

[previous exception] [object] (PDOException(code: 42S01): SQLSTATE[42S01]: Base table or view already exists: 1050 Table 'sessions' already exists at /home/opi/Study/Semester-6/Software Engineering/SkillSwapp/vendor/laravel/framework/src/Illuminate/Database/Connection.php:584)
[stacktrace]
#0 /home/opi/Study/Semester-6/Software Engineering/SkillSwapp/vendor/laravel/framework/src/Illuminate/Database/Connection.php(584): PDOStatement->execute()
#1 /home/opi/Study/Semester-6/Software Engineering/SkillSwapp/vendor/laravel/framework/src/Illuminate/Database/Connection.php(827): Illuminate\\Database\\Connection->Illuminate\\Database\\{closure}()
#2 /home/opi/Study/Semester-6/Software Engineering/SkillSwapp/vendor/laravel/framework/src/Illuminate/Database/Connection.php(794): Illuminate\\Database\\Connection->runQueryCallback()
#3 /home/opi/Study/Semester-6/Software Engineering/SkillSwapp/vendor/laravel/framework/src/Illuminate/Database/Connection.php(573): Illuminate\\Database\\Connection->run()
#4 /home/opi/Study/Semester-6/Software Engineering/SkillSwapp/vendor/laravel/framework/src/Illuminate/Database/Schema/Blueprint.php(121): Illuminate\\Database\\Connection->statement()
#5 /home/opi/Study/Semester-6/Software Engineering/SkillSwapp/vendor/laravel/framework/src/Illuminate/Database/Schema/Builder.php(686): Illuminate\\Database\\Schema\\Blueprint->build()
#6 /home/opi/Study/Semester-6/Software Engineering/SkillSwapp/vendor/laravel/framework/src/Illuminate/Database/Schema/Builder.php(506): Illuminate\\Database\\Schema\\Builder->build()
#7 /home/opi/Study/Semester-6/Software Engineering/SkillSwapp/vendor/laravel/framework/src/Illuminate/Support/Facades/Facade.php(363): Illuminate\\Database\\Schema\\Builder->create()
#8 /home/opi/Study/Semester-6/Software Engineering/SkillSwapp/database/migrations/2026_05_11_000009_create_framework_sessions_table.php(10): Illuminate\\Support\\Facades\\Facade::__callStatic()
#9 /home/opi/Study/Semester-6/Software Engineering/SkillSwapp/vendor/laravel/framework/src/Illuminate/Database/Migrations/Migrator.php(517): Illuminate\\Database\\Migrations\\Migration@anonymous->up()
#10 /home/opi/Study/Semester-6/Software Engineering/SkillSwapp/vendor/laravel/framework/src/Illuminate/Database/Migrations/Migrator.php(442): Illuminate\\Database\\Migrations\\Migrator->runMethod()
#11 /home/opi/Study/Semester-6/Software Engineering/SkillSwapp/vendor/laravel/framework/src/Illuminate/Database/Migrations/Migrator.php(451): Illuminate\\Database\\Migrations\\Migrator->Illuminate\\Database\\Migrations\\{closure}()
#12 /home/opi/Study/Semester-6/Software Engineering/SkillSwapp/vendor/laravel/framework/src/Illuminate/Database/Migrations/Migrator.php(253): Illuminate\\Database\\Migrations\\Migrator->runMigration()
#13 /home/opi/Study/Semester-6/Software Engineering/SkillSwapp/vendor/laravel/framework/src/Illuminate/Console/View/Components/Task.php(41): Illuminate\\Database\\Migrations\\Migrator->Illuminate\\Database\\Migrations\\{closure}()
#14 /home/opi/Study/Semester-6/Software Engineering/SkillSwapp/vendor/laravel/framework/src/Illuminate/Database/Migrations/Migrator.php(814): Illuminate\\Console\\View\\Components\\Task->render()
#15 /home/opi/Study/Semester-6/Software Engineering/SkillSwapp/vendor/laravel/framework/src/Illuminate/Database/Migrations/Migrator.php(253): Illuminate\\Database\\Migrations\\Migrator->write()
#16 /home/opi/Study/Semester-6/Software Engineering/SkillSwapp/vendor/laravel/framework/src/Illuminate/Database/Migrations/Migrator.php(211): Illuminate\\Database\\Migrations\\Migrator->runUp()
#17 /home/opi/Study/Semester-6/Software Engineering/SkillSwapp/vendor/laravel/framework/src/Illuminate/Database/Migrations/Migrator.php(138): Illuminate\\Database\\Migrations\\Migrator->runPending()
#18 /home/opi/Study/Semester-6/Software Engineering/SkillSwapp/vendor/laravel/framework/src/Illuminate/Database/Console/Migrations/MigrateCommand.php(116): Illuminate\\Database\\Migrations\\Migrator->run()
#19 /home/opi/Study/Semester-6/Software Engineering/SkillSwapp/vendor/laravel/framework/src/Illuminate/Database/Migrations/Migrator.php(671): Illuminate\\Database\\Console\\Migrations\\MigrateCommand->Illuminate\\Database\\Console\\Migrations\\{closure}()
#20 /home/opi/Study/Semester-6/Software Engineering/SkillSwapp/vendor/laravel/framework/src/Illuminate/Database/Console/Migrations/MigrateCommand.php(109): Illuminate\\Database\\Migrations\\Migrator->usingConnection()
#21 /home/opi/Study/Semester-6/Software Engineering/SkillSwapp/vendor/laravel/framework/src/Illuminate/Database/Console/Migrations/MigrateCommand.php(88): Illuminate\\Database\\Console\\Migrations\\MigrateCommand->runMigrations()
#22 /home/opi/Study/Semester-6/Software Engineering/SkillSwapp/vendor/laravel/framework/src/Illuminate/Container/BoundMethod.php(36): Illuminate\\Database\\Console\\Migrations\\MigrateCommand->handle()
#23 /home/opi/Study/Semester-6/Software Engineering/SkillSwapp/vendor/laravel/framework/src/Illuminate/Container/Util.php(43): Illuminate\\Container\\BoundMethod::Illuminate\\Container\\{closure}()
#24 /home/opi/Study/Semester-6/Software Engineering/SkillSwapp/vendor/laravel/framework/src/Illuminate/Container/BoundMethod.php(96): Illuminate\\Container\\Util::unwrapIfClosure()
#25 /home/opi/Study/Semester-6/Software Engineering/SkillSwapp/vendor/laravel/framework/src/Illuminate/Container/BoundMethod.php(35): Illuminate\\Container\\BoundMethod::callBoundMethod()
#26 /home/opi/Study/Semester-6/Software Engineering/SkillSwapp/vendor/laravel/framework/src/Illuminate/Container/Container.php(799): Illuminate\\Container\\BoundMethod::call()
#27 /home/opi/Study/Semester-6/Software Engineering/SkillSwapp/vendor/laravel/framework/src/Illuminate/Console/Command.php(211): Illuminate\\Container\\Container->call()
#28 /home/opi/Study/Semester-6/Software Engineering/SkillSwapp/vendor/symfony/console/Command/Command.php(341): Illuminate\\Console\\Command->execute()
#29 /home/opi/Study/Semester-6/Software Engineering/SkillSwapp/vendor/laravel/framework/src/Illuminate/Console/Command.php(180): Symfony\\Component\\Console\\Command\\Command->run()
#30 /home/opi/Study/Semester-6/Software Engineering/SkillSwapp/vendor/symfony/console/Application.php(1117): Illuminate\\Console\\Command->run()
#31 /home/opi/Study/Semester-6/Software Engineering/SkillSwapp/vendor/symfony/console/Application.php(356): Symfony\\Component\\Console\\Application->doRunCommand()
#32 /home/opi/Study/Semester-6/Software Engineering/SkillSwapp/vendor/symfony/console/Application.php(195): Symfony\\Component\\Console\\Application->doRun()
#33 /home/opi/Study/Semester-6/Software Engineering/SkillSwapp/vendor/laravel/framework/src/Illuminate/Foundation/Console/Kernel.php(198): Symfony\\Component\\Console\\Application->run()
#34 /home/opi/Study/Semester-6/Software Engineering/SkillSwapp/artisan(12): Illuminate\\Foundation\\Console\\Kernel->handle()
#35 {main}
"} 
[2026-05-12 03:30:26] local.ERROR: Class "App\Http\Controllers\Controller" not found {"exception":"[object] (Error(code: 0): Class \"App\\Http\\Controllers\\Controller\" not found at /home/opi/Study/Semester-6/Software Engineering/SkillSwapp/app/Http/Controllers/Auth/EmailVerificationPromptController.php:11)
[stacktrace]
#0 /home/opi/Study/Semester-6/Software Engineering/SkillSwapp/vendor/composer/ClassLoader.php(576): include()
#1 /home/opi/Study/Semester-6/Software Engineering/SkillSwapp/vendor/composer/ClassLoader.php(427): Composer\\Autoload\\{closure}()
#2 [internal function]: Composer\\Autoload\\ClassLoader->loadClass()
#3 /home/opi/Study/Semester-6/Software Engineering/SkillSwapp/vendor/laravel/framework/src/Illuminate/Routing/RouteAction.php(91): method_exists()
#4 /home/opi/Study/Semester-6/Software Engineering/SkillSwapp/vendor/laravel/framework/src/Illuminate/Routing/RouteAction.php(47): Illuminate\\Routing\\RouteAction::makeInvokable()
#5 /home/opi/Study/Semester-6/Software Engineering/SkillSwapp/vendor/laravel/framework/src/Illuminate/Routing/Route.php(197): Illuminate\\Routing\\RouteAction::parse()
#6 /home/opi/Study/Semester-6/Software Engineering/SkillSwapp/vendor/laravel/framework/src/Illuminate/Routing/Route.php(178): Illuminate\\Routing\\Route->parseAction()
#7 /home/opi/Study/Semester-6/Software Engineering/SkillSwapp/vendor/laravel/framework/src/Illuminate/Routing/Router.php(685): Illuminate\\Routing\\Route->__construct()
#8 /home/opi/Study/Semester-6/Software Engineering/SkillSwapp/vendor/laravel/framework/src/Illuminate/Routing/Router.php(576): Illuminate\\Routing\\Router->newRoute()
#9 /home/opi/Study/Semester-6/Software Engineering/SkillSwapp/vendor/laravel/framework/src/Illuminate/Routing/Router.php(556): Illuminate\\Routing\\Router->createRoute()
#10 /home/opi/Study/Semester-6/Software Engineering/SkillSwapp/vendor/laravel/framework/src/Illuminate/Routing/Router.php(160): Illuminate\\Routing\\Router->addRoute()
#11 /home/opi/Study/Semester-6/Software Engineering/SkillSwapp/vendor/laravel/framework/src/Illuminate/Support/Facades/Facade.php(363): Illuminate\\Routing\\Router->get()
#12 /home/opi/Study/Semester-6/Software Engineering/SkillSwapp/routes/auth.php(39): Illuminate\\Support\\Facades\\Facade::__callStatic()
#13 /home/opi/Study/Semester-6/Software Engineering/SkillSwapp/vendor/laravel/framework/src/Illuminate/Routing/Router.php(524): Illuminate\\Routing\\RouteFileRegistrar->{closure}()
#14 /home/opi/Study/Semester-6/Software Engineering/SkillSwapp/vendor/laravel/framework/src/Illuminate/Routing/Router.php(480): Illuminate\\Routing\\Router->loadRoutes()
#15 /home/opi/Study/Semester-6/Software Engineering/SkillSwapp/vendor/laravel/framework/src/Illuminate/Routing/RouteRegistrar.php(212): Illuminate\\Routing\\Router->group()
#16 /home/opi/Study/Semester-6/Software Engineering/SkillSwapp/routes/auth.php(38): Illuminate\\Routing\\RouteRegistrar->group()
#17 /home/opi/Study/Semester-6/Software Engineering/SkillSwapp/vendor/laravel/framework/src/Illuminate/Routing/RouteFileRegistrar.php(34): require('...')
#18 /home/opi/Study/Semester-6/Software Engineering/SkillSwapp/vendor/laravel/framework/src/Illuminate/Routing/Router.php(526): Illuminate\\Routing\\RouteFileRegistrar->register()
#19 /home/opi/Study/Semester-6/Software Engineering/SkillSwapp/vendor/laravel/framework/src/Illuminate/Routing/Router.php(480): Illuminate\\Routing\\Router->loadRoutes()
#20 /home/opi/Study/Semester-6/Software Engineering/SkillSwapp/vendor/laravel/framework/src/Illuminate/Routing/RouteRegistrar.php(212): Illuminate\\Routing\\Router->group()
#21 /home/opi/Study/Semester-6/Software Engineering/SkillSwapp/bootstrap/app.php(14): Illuminate\\Routing\\RouteRegistrar->group()
#22 /home/opi/Study/Semester-6/Software Engineering/SkillSwapp/vendor/laravel/framework/src/Illuminate/Foundation/Configuration/ApplicationBuilder.php(263): {closure}()
#23 /home/opi/Study/Semester-6/Software Engineering/SkillSwapp/vendor/laravel/framework/src/Illuminate/Container/BoundMethod.php(36): Illuminate\\Foundation\\Configuration\\ApplicationBuilder->Illuminate\\Foundation\\Configuration\\{closure}()
#24 /home/opi/Study/Semester-6/Software Engineering/SkillSwapp/vendor/laravel/framework/src/Illuminate/Container/Util.php(43): Illuminate\\Container\\BoundMethod::Illuminate\\Container\\{closure}()
#25 /home/opi/Study/Semester-6/Software Engineering/SkillSwapp/vendor/laravel/framework/src/Illuminate/Container/BoundMethod.php(84): Illuminate\\Container\\Util::unwrapIfClosure()
#26 /home/opi/Study/Semester-6/Software Engineering/SkillSwapp/vendor/laravel/framework/src/Illuminate/Container/BoundMethod.php(35): Illuminate\\Container\\BoundMethod::callBoundMethod()
#27 /home/opi/Study/Semester-6/Software Engineering/SkillSwapp/vendor/laravel/framework/src/Illuminate/Container/Container.php(799): Illuminate\\Container\\BoundMethod::call()
#28 /home/opi/Study/Semester-6/Software Engineering/SkillSwapp/vendor/laravel/framework/src/Illuminate/Foundation/Support/Providers/RouteServiceProvider.php(162): Illuminate\\Container\\Container->call()
#29 /home/opi/Study/Semester-6/Software Engineering/SkillSwapp/vendor/laravel/framework/src/Illuminate/Foundation/Support/Providers/RouteServiceProvider.php(59): Illuminate\\Foundation\\Support\\Providers\\RouteServiceProvider->loadRoutes()
#30 /home/opi/Study/Semester-6/Software Engineering/SkillSwapp/vendor/laravel/framework/src/Illuminate/Container/BoundMethod.php(36): Illuminate\\Foundation\\Support\\Providers\\RouteServiceProvider->Illuminate\\Foundation\\Support\\Providers\\{closure}()
#31 /home/opi/Study/Semester-6/Software Engineering/SkillSwapp/vendor/laravel/framework/src/Illuminate/Container/Util.php(43): Illuminate\\Container\\BoundMethod::Illuminate\\Container\\{closure}()
#32 /home/opi/Study/Semester-6/Software Engineering/SkillSwapp/vendor/laravel/framework/src/Illuminate/Container/BoundMethod.php(84): Illuminate\\Container\\Util::unwrapIfClosure()
#33 /home/opi/Study/Semester-6/Software Engineering/SkillSwapp/vendor/laravel/framework/src/Illuminate/Container/BoundMethod.php(35): Illuminate\\Container\\BoundMethod::callBoundMethod()
#34 /home/opi/Study/Semester-6/Software Engineering/SkillSwapp/vendor/laravel/framework/src/Illuminate/Container/Container.php(799): Illuminate\\Container\\BoundMethod::call()
#35 /home/opi/Study/Semester-6/Software Engineering/SkillSwapp/vendor/laravel/framework/src/Illuminate/Support/ServiceProvider.php(150): Illuminate\\Container\\Container->call()
#36 /home/opi/Study/Semester-6/Software Engineering/SkillSwapp/vendor/laravel/framework/src/Illuminate/Foundation/Application.php(1154): Illuminate\\Support\\ServiceProvider->callBootedCallbacks()
#37 /home/opi/Study/Semester-6/Software Engineering/SkillSwapp/vendor/laravel/framework/src/Illuminate/Foundation/Application.php(1132): Illuminate\\Foundation\\Application->bootProvider()
#38 [internal function]: Illuminate\\Foundation\\Application->Illuminate\\Foundation\\{closure}()
#39 /home/opi/Study/Semester-6/Software Engineering/SkillSwapp/vendor/laravel/framework/src/Illuminate/Foundation/Application.php(1131): array_walk()
#40 /home/opi/Study/Semester-6/Software Engineering/SkillSwapp/vendor/laravel/framework/src/Illuminate/Foundation/Bootstrap/BootProviders.php(17): Illuminate\\Foundation\\Application->boot()
#41 /home/opi/Study/Semester-6/Software Engineering/SkillSwapp/vendor/laravel/framework/src/Illuminate/Foundation/Application.php(342): Illuminate\\Foundation\\Bootstrap\\BootProviders->bootstrap()
#42 /home/opi/Study/Semester-6/Software Engineering/SkillSwapp/vendor/laravel/framework/src/Illuminate/Foundation/Http/Kernel.php(186): Illuminate\\Foundation\\Application->bootstrapWith()
#43 /home/opi/Study/Semester-6/Software Engineering/SkillSwapp/vendor/laravel/framework/src/Illuminate/Foundation/Http/Kernel.php(170): Illuminate\\Foundation\\Http\\Kernel->bootstrap()
#44 /home/opi/Study/Semester-6/Software Engineering/SkillSwapp/vendor/laravel/framework/src/Illuminate/Foundation/Http/Kernel.php(144): Illuminate\\Foundation\\Http\\Kernel->sendRequestThroughRouter()
#45 /home/opi/Study/Semester-6/Software Engineering/SkillSwapp/public/index.php(11): Illuminate\\Foundation\\Http\\Kernel->handle()
#46 /home/opi/Study/Semester-6/Software Engineering/SkillSwapp/vendor/laravel/framework/src/Illuminate/Foundation/resources/server.php(23): require_once('...')
#47 {main}
"} 
[2026-05-12 03:30:31] local.ERROR: Class "App\Http\Controllers\Controller" not found {"exception":"[object] (Error(code: 0): Class \"App\\Http\\Controllers\\Controller\" not found at /home/opi/Study/Semester-6/Software Engineering/SkillSwapp/app/Http/Controllers/Auth/EmailVerificationPromptController.php:11)
[stacktrace]
#0 /home/opi/Study/Semester-6/Software Engineering/SkillSwapp/vendor/composer/ClassLoader.php(576): include()
#1 /home/opi/Study/Semester-6/Software Engineering/SkillSwapp/vendor/composer/ClassLoader.php(427): Composer\\Autoload\\{closure}()
#2 [internal function]: Composer\\Autoload\\ClassLoader->loadClass()
#3 /home/opi/Study/Semester-6/Software Engineering/SkillSwapp/vendor/laravel/framework/src/Illuminate/Routing/RouteAction.php(91): method_exists()
#4 /home/opi/Study/Semester-6/Software Engineering/SkillSwapp/vendor/laravel/framework/src/Illuminate/Routing/RouteAction.php(47): Illuminate\\Routing\\RouteAction::makeInvokable()
#5 /home/opi/Study/Semester-6/Software Engineering/SkillSwapp/vendor/laravel/framework/src/Illuminate/Routing/Route.php(197): Illuminate\\Routing\\RouteAction::parse()
#6 /home/opi/Study/Semester-6/Software Engineering/SkillSwapp/vendor/laravel/framework/src/Illuminate/Routing/Route.php(178): Illuminate\\Routing\\Route->parseAction()
#7 /home/opi/Study/Semester-6/Software Engineering/SkillSwapp/vendor/laravel/framework/src/Illuminate/Routing/Router.php(685): Illuminate\\Routing\\Route->__construct()
#8 /home/opi/Study/Semester-6/Software Engineering/SkillSwapp/vendor/laravel/framework/src/Illuminate/Routing/Router.php(576): Illuminate\\Routing\\Router->newRoute()
#9 /home/opi/Study/Semester-6/Software Engineering/SkillSwapp/vendor/laravel/framework/src/Illuminate/Routing/Router.php(556): Illuminate\\Routing\\Router->createRoute()
#10 /home/opi/Study/Semester-6/Software Engineering/SkillSwapp/vendor/laravel/framework/src/Illuminate/Routing/Router.php(160): Illuminate\\Routing\\Router->addRoute()
#11 /home/opi/Study/Semester-6/Software Engineering/SkillSwapp/vendor/laravel/framework/src/Illuminate/Support/Facades/Facade.php(363): Illuminate\\Routing\\Router->get()
#12 /home/opi/Study/Semester-6/Software Engineering/SkillSwapp/routes/auth.php(39): Illuminate\\Support\\Facades\\Facade::__callStatic()
#13 /home/opi/Study/Semester-6/Software Engineering/SkillSwapp/vendor/laravel/framework/src/Illuminate/Routing/Router.php(524): Illuminate\\Routing\\RouteFileRegistrar->{closure}()
#14 /home/opi/Study/Semester-6/Software Engineering/SkillSwapp/vendor/laravel/framework/src/Illuminate/Routing/Router.php(480): Illuminate\\Routing\\Router->loadRoutes()
#15 /home/opi/Study/Semester-6/Software Engineering/SkillSwapp/vendor/laravel/framework/src/Illuminate/Routing/RouteRegistrar.php(212): Illuminate\\Routing\\Router->group()
#16 /home/opi/Study/Semester-6/Software Engineering/SkillSwapp/routes/auth.php(38): Illuminate\\Routing\\RouteRegistrar->group()
#17 /home/opi/Study/Semester-6/Software Engineering/SkillSwapp/vendor/laravel/framework/src/Illuminate/Routing/RouteFileRegistrar.php(34): require('...')
#18 /home/opi/Study/Semester-6/Software Engineering/SkillSwapp/vendor/laravel/framework/src/Illuminate/Routing/Router.php(526): Illuminate\\Routing\\RouteFileRegistrar->register()
#19 /home/opi/Study/Semester-6/Software Engineering/SkillSwapp/vendor/laravel/framework/src/Illuminate/Routing/Router.php(480): Illuminate\\Routing\\Router->loadRoutes()
#20 /home/opi/Study/Semester-6/Software Engineering/SkillSwapp/vendor/laravel/framework/src/Illuminate/Routing/RouteRegistrar.php(212): Illuminate\\Routing\\Router->group()
#21 /home/opi/Study/Semester-6/Software Engineering/SkillSwapp/bootstrap/app.php(14): Illuminate\\Routing\\RouteRegistrar->group()
#22 /home/opi/Study/Semester-6/Software Engineering/SkillSwapp/vendor/laravel/framework/src/Illuminate/Foundation/Configuration/ApplicationBuilder.php(263): {closure}()
#23 /home/opi/Study/Semester-6/Software Engineering/SkillSwapp/vendor/laravel/framework/src/Illuminate/Container/BoundMethod.php(36): Illuminate\\Foundation\\Configuration\\ApplicationBuilder->Illuminate\\Foundation\\Configuration\\{closure}()
#24 /home/opi/Study/Semester-6/Software Engineering/SkillSwapp/vendor/laravel/framework/src/Illuminate/Container/Util.php(43): Illuminate\\Container\\BoundMethod::Illuminate\\Container\\{closure}()
#25 /home/opi/Study/Semester-6/Software Engineering/SkillSwapp/vendor/laravel/framework/src/Illuminate/Container/BoundMethod.php(84): Illuminate\\Container\\Util::unwrapIfClosure()
#26 /home/opi/Study/Semester-6/Software Engineering/SkillSwapp/vendor/laravel/framework/src/Illuminate/Container/BoundMethod.php(35): Illuminate\\Container\\BoundMethod::callBoundMethod()
#27 /home/opi/Study/Semester-6/Software Engineering/SkillSwapp/vendor/laravel/framework/src/Illuminate/Container/Container.php(799): Illuminate\\Container\\BoundMethod::call()
#28 /home/opi/Study/Semester-6/Software Engineering/SkillSwapp/vendor/laravel/framework/src/Illuminate/Foundation/Support/Providers/RouteServiceProvider.php(162): Illuminate\\Container\\Container->call()
#29 /home/opi/Study/Semester-6/Software Engineering/SkillSwapp/vendor/laravel/framework/src/Illuminate/Foundation/Support/Providers/RouteServiceProvider.php(59): Illuminate\\Foundation\\Support\\Providers\\RouteServiceProvider->loadRoutes()
#30 /home/opi/Study/Semester-6/Software Engineering/SkillSwapp/vendor/laravel/framework/src/Illuminate/Container/BoundMethod.php(36): Illuminate\\Foundation\\Support\\Providers\\RouteServiceProvider->Illuminate\\Foundation\\Support\\Providers\\{closure}()
#31 /home/opi/Study/Semester-6/Software Engineering/SkillSwapp/vendor/laravel/framework/src/Illuminate/Container/Util.php(43): Illuminate\\Container\\BoundMethod::Illuminate\\Container\\{closure}()
#32 /home/opi/Study/Semester-6/Software Engineering/SkillSwapp/vendor/laravel/framework/src/Illuminate/Container/BoundMethod.php(84): Illuminate\\Container\\Util::unwrapIfClosure()
#33 /home/opi/Study/Semester-6/Software Engineering/SkillSwapp/vendor/laravel/framework/src/Illuminate/Container/BoundMethod.php(35): Illuminate\\Container\\BoundMethod::callBoundMethod()
#34 /home/opi/Study/Semester-6/Software Engineering/SkillSwapp/vendor/laravel/framework/src/Illuminate/Container/Container.php(799): Illuminate\\Container\\BoundMethod::call()
#35 /home/opi/Study/Semester-6/Software Engineering/SkillSwapp/vendor/laravel/framework/src/Illuminate/Support/ServiceProvider.php(150): Illuminate\\Container\\Container->call()
#36 /home/opi/Study/Semester-6/Software Engineering/SkillSwapp/vendor/laravel/framework/src/Illuminate/Foundation/Application.php(1154): Illuminate\\Support\\ServiceProvider->callBootedCallbacks()
#37 /home/opi/Study/Semester-6/Software Engineering/SkillSwapp/vendor/laravel/framework/src/Illuminate/Foundation/Application.php(1132): Illuminate\\Foundation\\Application->bootProvider()
#38 [internal function]: Illuminate\\Foundation\\Application->Illuminate\\Foundation\\{closure}()
#39 /home/opi/Study/Semester-6/Software Engineering/SkillSwapp/vendor/laravel/framework/src/Illuminate/Foundation/Application.php(1131): array_walk()
#40 /home/opi/Study/Semester-6/Software Engineering/SkillSwapp/vendor/laravel/framework/src/Illuminate/Foundation/Bootstrap/BootProviders.php(17): Illuminate\\Foundation\\Application->boot()
#41 /home/opi/Study/Semester-6/Software Engineering/SkillSwapp/vendor/laravel/framework/src/Illuminate/Foundation/Application.php(342): Illuminate\\Foundation\\Bootstrap\\BootProviders->bootstrap()
#42 /home/opi/Study/Semester-6/Software Engineering/SkillSwapp/vendor/laravel/framework/src/Illuminate/Foundation/Console/Kernel.php(494): Illuminate\\Foundation\\Application->bootstrapWith()
#43 /home/opi/Study/Semester-6/Software Engineering/SkillSwapp/vendor/laravel/framework/src/Illuminate/Foundation/Console/Kernel.php(196): Illuminate\\Foundation\\Console\\Kernel->bootstrap()
#44 Command line code(1): Illuminate\\Foundation\\Console\\Kernel->handle()
#45 {main}
"} 
[2026-05-12 03:30:40] local.ERROR: Class "App\Http\Controllers\Controller" not found {"exception":"[object] (Error(code: 0): Class \"App\\Http\\Controllers\\Controller\" not found at /home/opi/Study/Semester-6/Software Engineering/SkillSwapp/app/Http/Controllers/Auth/EmailVerificationPromptController.php:11)
[stacktrace]
#0 /home/opi/Study/Semester-6/Software Engineering/SkillSwapp/vendor/composer/ClassLoader.php(576): include()
#1 /home/opi/Study/Semester-6/Software Engineering/SkillSwapp/vendor/composer/ClassLoader.php(427): Composer\\Autoload\\{closure}()
#2 [internal function]: Composer\\Autoload\\ClassLoader->loadClass()
#3 /home/opi/Study/Semester-6/Software Engineering/SkillSwapp/vendor/laravel/framework/src/Illuminate/Routing/RouteAction.php(91): method_exists()
#4 /home/opi/Study/Semester-6/Software Engineering/SkillSwapp/vendor/laravel/framework/src/Illuminate/Routing/RouteAction.php(47): Illuminate\\Routing\\RouteAction::makeInvokable()
#5 /home/opi/Study/Semester-6/Software Engineering/SkillSwapp/vendor/laravel/framework/src/Illuminate/Routing/Route.php(197): Illuminate\\Routing\\RouteAction::parse()
#6 /home/opi/Study/Semester-6/Software Engineering/SkillSwapp/vendor/laravel/framework/src/Illuminate/Routing/Route.php(178): Illuminate\\Routing\\Route->parseAction()
#7 /home/opi/Study/Semester-6/Software Engineering/SkillSwapp/vendor/laravel/framework/src/Illuminate/Routing/Router.php(685): Illuminate\\Routing\\Route->__construct()
#8 /home/opi/Study/Semester-6/Software Engineering/SkillSwapp/vendor/laravel/framework/src/Illuminate/Routing/Router.php(576): Illuminate\\Routing\\Router->newRoute()
#9 /home/opi/Study/Semester-6/Software Engineering/SkillSwapp/vendor/laravel/framework/src/Illuminate/Routing/Router.php(556): Illuminate\\Routing\\Router->createRoute()
#10 /home/opi/Study/Semester-6/Software Engineering/SkillSwapp/vendor/laravel/framework/src/Illuminate/Routing/Router.php(160): Illuminate\\Routing\\Router->addRoute()
#11 /home/opi/Study/Semester-6/Software Engineering/SkillSwapp/vendor/laravel/framework/src/Illuminate/Support/Facades/Facade.php(363): Illuminate\\Routing\\Router->get()
#12 /home/opi/Study/Semester-6/Software Engineering/SkillSwapp/routes/auth.php(39): Illuminate\\Support\\Facades\\Facade::__callStatic()
#13 /home/opi/Study/Semester-6/Software Engineering/SkillSwapp/vendor/laravel/framework/src/Illuminate/Routing/Router.php(524): Illuminate\\Routing\\RouteFileRegistrar->{closure}()
#14 /home/opi/Study/Semester-6/Software Engineering/SkillSwapp/vendor/laravel/framework/src/Illuminate/Routing/Router.php(480): Illuminate\\Routing\\Router->loadRoutes()
#15 /home/opi/Study/Semester-6/Software Engineering/SkillSwapp/vendor/laravel/framework/src/Illuminate/Routing/RouteRegistrar.php(212): Illuminate\\Routing\\Router->group()
#16 /home/opi/Study/Semester-6/Software Engineering/SkillSwapp/routes/auth.php(38): Illuminate\\Routing\\RouteRegistrar->group()
#17 /home/opi/Study/Semester-6/Software Engineering/SkillSwapp/vendor/laravel/framework/src/Illuminate/Routing/RouteFileRegistrar.php(34): require('...')
#18 /home/opi/Study/Semester-6/Software Engineering/SkillSwapp/vendor/laravel/framework/src/Illuminate/Routing/Router.php(526): Illuminate\\Routing\\RouteFileRegistrar->register()
#19 /home/opi/Study/Semester-6/Software Engineering/SkillSwapp/vendor/laravel/framework/src/Illuminate/Routing/Router.php(480): Illuminate\\Routing\\Router->loadRoutes()
#20 /home/opi/Study/Semester-6/Software Engineering/SkillSwapp/vendor/laravel/framework/src/Illuminate/Routing/RouteRegistrar.php(212): Illuminate\\Routing\\Router->group()
#21 /home/opi/Study/Semester-6/Software Engineering/SkillSwapp/bootstrap/app.php(14): Illuminate\\Routing\\RouteRegistrar->group()
#22 /home/opi/Study/Semester-6/Software Engineering/SkillSwapp/vendor/laravel/framework/src/Illuminate/Foundation/Configuration/ApplicationBuilder.php(263): {closure}()
#23 /home/opi/Study/Semester-6/Software Engineering/SkillSwapp/vendor/laravel/framework/src/Illuminate/Container/BoundMethod.php(36): Illuminate\\Foundation\\Configuration\\ApplicationBuilder->Illuminate\\Foundation\\Configuration\\{closure}()
#24 /home/opi/Study/Semester-6/Software Engineering/SkillSwapp/vendor/laravel/framework/src/Illuminate/Container/Util.php(43): Illuminate\\Container\\BoundMethod::Illuminate\\Container\\{closure}()
#25 /home/opi/Study/Semester-6/Software Engineering/SkillSwapp/vendor/laravel/framework/src/Illuminate/Container/BoundMethod.php(84): Illuminate\\Container\\Util::unwrapIfClosure()
#26 /home/opi/Study/Semester-6/Software Engineering/SkillSwapp/vendor/laravel/framework/src/Illuminate/Container/BoundMethod.php(35): Illuminate\\Container\\BoundMethod::callBoundMethod()
#27 /home/opi/Study/Semester-6/Software Engineering/SkillSwapp/vendor/laravel/framework/src/Illuminate/Container/Container.php(799): Illuminate\\Container\\BoundMethod::call()
#28 /home/opi/Study/Semester-6/Software Engineering/SkillSwapp/vendor/laravel/framework/src/Illuminate/Foundation/Support/Providers/RouteServiceProvider.php(162): Illuminate\\Container\\Container->call()
#29 /home/opi/Study/Semester-6/Software Engineering/SkillSwapp/vendor/laravel/framework/src/Illuminate/Foundation/Support/Providers/RouteServiceProvider.php(59): Illuminate\\Foundation\\Support\\Providers\\RouteServiceProvider->loadRoutes()
#30 /home/opi/Study/Semester-6/Software Engineering/SkillSwapp/vendor/laravel/framework/src/Illuminate/Container/BoundMethod.php(36): Illuminate\\Foundation\\Support\\Providers\\RouteServiceProvider->Illuminate\\Foundation\\Support\\Providers\\{closure}()
#31 /home/opi/Study/Semester-6/Software Engineering/SkillSwapp/vendor/laravel/framework/src/Illuminate/Container/Util.php(43): Illuminate\\Container\\BoundMethod::Illuminate\\Container\\{closure}()
#32 /home/opi/Study/Semester-6/Software Engineering/SkillSwapp/vendor/laravel/framework/src/Illuminate/Container/BoundMethod.php(84): Illuminate\\Container\\Util::unwrapIfClosure()
#33 /home/opi/Study/Semester-6/Software Engineering/SkillSwapp/vendor/laravel/framework/src/Illuminate/Container/BoundMethod.php(35): Illuminate\\Container\\BoundMethod::callBoundMethod()
#34 /home/opi/Study/Semester-6/Software Engineering/SkillSwapp/vendor/laravel/framework/src/Illuminate/Container/Container.php(799): Illuminate\\Container\\BoundMethod::call()
#35 /home/opi/Study/Semester-6/Software Engineering/SkillSwapp/vendor/laravel/framework/src/Illuminate/Support/ServiceProvider.php(150): Illuminate\\Container\\Container->call()
#36 /home/opi/Study/Semester-6/Software Engineering/SkillSwapp/vendor/laravel/framework/src/Illuminate/Foundation/Application.php(1154): Illuminate\\Support\\ServiceProvider->callBootedCallbacks()
#37 /home/opi/Study/Semester-6/Software Engineering/SkillSwapp/vendor/laravel/framework/src/Illuminate/Foundation/Application.php(1132): Illuminate\\Foundation\\Application->bootProvider()
#38 [internal function]: Illuminate\\Foundation\\Application->Illuminate\\Foundation\\{closure}()
#39 /home/opi/Study/Semester-6/Software Engineering/SkillSwapp/vendor/laravel/framework/src/Illuminate/Foundation/Application.php(1131): array_walk()
#40 /home/opi/Study/Semester-6/Software Engineering/SkillSwapp/vendor/laravel/framework/src/Illuminate/Foundation/Bootstrap/BootProviders.php(17): Illuminate\\Foundation\\Application->boot()
#41 /home/opi/Study/Semester-6/Software Engineering/SkillSwapp/vendor/laravel/framework/src/Illuminate/Foundation/Application.php(342): Illuminate\\Foundation\\Bootstrap\\BootProviders->bootstrap()
#42 /home/opi/Study/Semester-6/Software Engineering/SkillSwapp/vendor/laravel/framework/src/Illuminate/Foundation/Console/Kernel.php(494): Illuminate\\Foundation\\Application->bootstrapWith()
#43 /home/opi/Study/Semester-6/Software Engineering/SkillSwapp/vendor/laravel/framework/src/Illuminate/Foundation/Console/Kernel.php(196): Illuminate\\Foundation\\Console\\Kernel->bootstrap()
#44 /home/opi/Study/Semester-6/Software Engineering/SkillSwapp/artisan(12): Illuminate\\Foundation\\Console\\Kernel->handle()
#45 {main}
"} 
[2026-05-12 03:31:16] local.ERROR: Target [App\Repositories\Contracts\SkillRepositoryInterface] is not instantiable while building [Illuminate\Foundation\Console\RouteListCommand, App\Http\Controllers\SkillController]. {"exception":"[object] (Illuminate\\Contracts\\Container\\BindingResolutionException(code: 0): Target [App\\Repositories\\Contracts\\SkillRepositoryInterface] is not instantiable while building [Illuminate\\Foundation\\Console\\RouteListCommand, App\\Http\\Controllers\\SkillController]. at /home/opi/Study/Semester-6/Software Engineering/SkillSwapp/vendor/laravel/framework/src/Illuminate/Container/Container.php:1411)
[stacktrace]
#0 /home/opi/Study/Semester-6/Software Engineering/SkillSwapp/vendor/laravel/framework/src/Illuminate/Container/Container.php(1131): Illuminate\\Container\\Container->notInstantiable()
#1 /home/opi/Study/Semester-6/Software Engineering/SkillSwapp/vendor/laravel/framework/src/Illuminate/Container/Container.php(933): Illuminate\\Container\\Container->build()
#2 /home/opi/Study/Semester-6/Software Engineering/SkillSwapp/vendor/laravel/framework/src/Illuminate/Foundation/Application.php(1078): Illuminate\\Container\\Container->resolve()
#3 /home/opi/Study/Semester-6/Software Engineering/SkillSwapp/vendor/laravel/framework/src/Illuminate/Container/Container.php(864): Illuminate\\Foundation\\Application->resolve()
#4 /home/opi/Study/Semester-6/Software Engineering/SkillSwapp/vendor/laravel/framework/src/Illuminate/Foundation/Application.php(1058): Illuminate\\Container\\Container->make()
#5 /home/opi/Study/Semester-6/Software Engineering/SkillSwapp/vendor/laravel/framework/src/Illuminate/Container/Container.php(1336): Illuminate\\Foundation\\Application->make()
#6 /home/opi/Study/Semester-6/Software Engineering/SkillSwapp/vendor/laravel/framework/src/Illuminate/Container/Container.php(1237): Illuminate\\Container\\Container->resolveClass()
#7 /home/opi/Study/Semester-6/Software Engineering/SkillSwapp/vendor/laravel/framework/src/Illuminate/Container/Container.php(1162): Illuminate\\Container\\Container->resolveDependencies()
#8 /home/opi/Study/Semester-6/Software Engineering/SkillSwapp/vendor/laravel/framework/src/Illuminate/Container/Container.php(933): Illuminate\\Container\\Container->build()
#9 /home/opi/Study/Semester-6/Software Engineering/SkillSwapp/vendor/laravel/framework/src/Illuminate/Foundation/Application.php(1078): Illuminate\\Container\\Container->resolve()
#10 /home/opi/Study/Semester-6/Software Engineering/SkillSwapp/vendor/laravel/framework/src/Illuminate/Container/Container.php(864): Illuminate\\Foundation\\Application->resolve()
#11 /home/opi/Study/Semester-6/Software Engineering/SkillSwapp/vendor/laravel/framework/src/Illuminate/Foundation/Application.php(1058): Illuminate\\Container\\Container->make()
#12 /home/opi/Study/Semester-6/Software Engineering/SkillSwapp/vendor/laravel/framework/src/Illuminate/Routing/Route.php(286): Illuminate\\Foundation\\Application->make()
#13 /home/opi/Study/Semester-6/Software Engineering/SkillSwapp/vendor/laravel/framework/src/Illuminate/Routing/Route.php(1133): Illuminate\\Routing\\Route->getController()
#14 /home/opi/Study/Semester-6/Software Engineering/SkillSwapp/vendor/laravel/framework/src/Illuminate/Routing/Route.php(1062): Illuminate\\Routing\\Route->controllerMiddleware()
#15 /home/opi/Study/Semester-6/Software Engineering/SkillSwapp/vendor/laravel/framework/src/Illuminate/Routing/Router.php(834): Illuminate\\Routing\\Route->gatherMiddleware()
#16 /home/opi/Study/Semester-6/Software Engineering/SkillSwapp/vendor/laravel/framework/src/Illuminate/Foundation/Console/RouteListCommand.php(212): Illuminate\\Routing\\Router->gatherRouteMiddleware()
#17 /home/opi/Study/Semester-6/Software Engineering/SkillSwapp/vendor/laravel/framework/src/Illuminate/Foundation/Console/RouteListCommand.php(148): Illuminate\\Foundation\\Console\\RouteListCommand->getMiddleware()
#18 /home/opi/Study/Semester-6/Software Engineering/SkillSwapp/vendor/laravel/framework/src/Illuminate/Foundation/Console/RouteListCommand.php(117): Illuminate\\Foundation\\Console\\RouteListCommand->getRouteInformation()
#19 [internal function]: Illuminate\\Foundation\\Console\\RouteListCommand->Illuminate\\Foundation\\Console\\{closure}()
#20 /home/opi/Study/Semester-6/Software Engineering/SkillSwapp/vendor/laravel/framework/src/Illuminate/Collections/Arr.php(841): array_map()
#21 /home/opi/Study/Semester-6/Software Engineering/SkillSwapp/vendor/laravel/framework/src/Illuminate/Collections/Collection.php(829): Illuminate\\Support\\Arr::map()
#22 /home/opi/Study/Semester-6/Software Engineering/SkillSwapp/vendor/laravel/framework/src/Illuminate/Foundation/Console/RouteListCommand.php(117): Illuminate\\Support\\Collection->map()
#23 /home/opi/Study/Semester-6/Software Engineering/SkillSwapp/vendor/laravel/framework/src/Illuminate/Foundation/Console/RouteListCommand.php(102): Illuminate\\Foundation\\Console\\RouteListCommand->getRoutes()
#24 /home/opi/Study/Semester-6/Software Engineering/SkillSwapp/vendor/laravel/framework/src/Illuminate/Container/BoundMethod.php(36): Illuminate\\Foundation\\Console\\RouteListCommand->handle()
#25 /home/opi/Study/Semester-6/Software Engineering/SkillSwapp/vendor/laravel/framework/src/Illuminate/Container/Util.php(43): Illuminate\\Container\\BoundMethod::Illuminate\\Container\\{closure}()
#26 /home/opi/Study/Semester-6/Software Engineering/SkillSwapp/vendor/laravel/framework/src/Illuminate/Container/BoundMethod.php(96): Illuminate\\Container\\Util::unwrapIfClosure()
#27 /home/opi/Study/Semester-6/Software Engineering/SkillSwapp/vendor/laravel/framework/src/Illuminate/Container/BoundMethod.php(35): Illuminate\\Container\\BoundMethod::callBoundMethod()
#28 /home/opi/Study/Semester-6/Software Engineering/SkillSwapp/vendor/laravel/framework/src/Illuminate/Container/Container.php(799): Illuminate\\Container\\BoundMethod::call()
#29 /home/opi/Study/Semester-6/Software Engineering/SkillSwapp/vendor/laravel/framework/src/Illuminate/Console/Command.php(211): Illuminate\\Container\\Container->call()
#30 /home/opi/Study/Semester-6/Software Engineering/SkillSwapp/vendor/symfony/console/Command/Command.php(341): Illuminate\\Console\\Command->execute()
#31 /home/opi/Study/Semester-6/Software Engineering/SkillSwapp/vendor/laravel/framework/src/Illuminate/Console/Command.php(180): Symfony\\Component\\Console\\Command\\Command->run()
#32 /home/opi/Study/Semester-6/Software Engineering/SkillSwapp/vendor/symfony/console/Application.php(1117): Illuminate\\Console\\Command->run()
#33 /home/opi/Study/Semester-6/Software Engineering/SkillSwapp/vendor/symfony/console/Application.php(356): Symfony\\Component\\Console\\Application->doRunCommand()
#34 /home/opi/Study/Semester-6/Software Engineering/SkillSwapp/vendor/symfony/console/Application.php(195): Symfony\\Component\\Console\\Application->doRun()
#35 /home/opi/Study/Semester-6/Software Engineering/SkillSwapp/vendor/laravel/framework/src/Illuminate/Foundation/Console/Kernel.php(198): Symfony\\Component\\Console\\Application->run()
#36 /home/opi/Study/Semester-6/Software Engineering/SkillSwapp/artisan(12): Illuminate\\Foundation\\Console\\Kernel->handle()
#37 {main}
"} 
